{"uuid":"ad760e58-da60-495a-8c53-d45d81dff7a6","name":"AutoTestSuite_1","children":["d32043a6-7341-4bf8-addf-77cd3e835f48"],"befores":[{"name":"Initial configuration before every TestSuite (Set System variables for test suite, open browser).","status":"broken","statusDetails":{"known":false,"muted":false,"flaky":false,"message":"java.lang.NullPointerException","trace":"java.lang.NullPointerException\r\n\tat java.io.FileInputStream.<init>(FileInputStream.java:130)\r\n\tat java.io.FileInputStream.<init>(FileInputStream.java:93)\r\n\tat java.io.FileReader.<init>(FileReader.java:58)\r\n\tat app.helper.BaseTestGui.suiteSetup(BaseTestGui.java:138)\r\n\tat sun.reflect.NativeMethodAccessorImpl.invoke0(Native Method)\r\n\tat sun.reflect.NativeMethodAccessorImpl.invoke(NativeMethodAccessorImpl.java:62)\r\n\tat sun.reflect.DelegatingMethodAccessorImpl.invoke(DelegatingMethodAccessorImpl.java:43)\r\n\tat java.lang.reflect.Method.invoke(Method.java:498)\r\n\tat org.testng.internal.MethodInvocationHelper.invokeMethod(MethodInvocationHelper.java:132)\r\n\tat org.testng.internal.MethodInvocationHelper.invokeMethodConsideringTimeout(MethodInvocationHelper.java:61)\r\n\tat org.testng.internal.ConfigInvoker.invokeConfigurationMethod(ConfigInvoker.java:366)\r\n\tat org.testng.internal.ConfigInvoker.invokeConfigurations(ConfigInvoker.java:320)\r\n\tat org.testng.SuiteRunner.privateRun(SuiteRunner.java:327)\r\n\tat org.testng.SuiteRunner.run(SuiteRunner.java:286)\r\n\tat org.testng.SuiteRunnerWorker.runSuite(SuiteRunnerWorker.java:53)\r\n\tat org.testng.SuiteRunnerWorker.run(SuiteRunnerWorker.java:96)\r\n\tat org.testng.TestNG.runSuitesSequentially(TestNG.java:1218)\r\n\tat org.testng.TestNG.runSuitesLocally(TestNG.java:1140)\r\n\tat org.testng.TestNG.runSuites(TestNG.java:1069)\r\n\tat org.testng.TestNG.run(TestNG.java:1037)\r\n\tat org.apache.maven.surefire.testng.TestNGExecutor.run(TestNGExecutor.java:283)\r\n\tat org.apache.maven.surefire.testng.TestNGXmlTestSuite.execute(TestNGXmlTestSuite.java:75)\r\n\tat org.apache.maven.surefire.testng.TestNGProvider.invoke(TestNGProvider.java:120)\r\n\tat org.apache.maven.surefire.booter.ForkedBooter.invokeProviderInSameClassLoader(ForkedBooter.java:384)\r\n\tat org.apache.maven.surefire.booter.ForkedBooter.runSuitesInProcess(ForkedBooter.java:345)\r\n\tat org.apache.maven.surefire.booter.ForkedBooter.execute(ForkedBooter.java:126)\r\n\tat org.apache.maven.surefire.booter.ForkedBooter.main(ForkedBooter.java:418)\r\n"},"stage":"finished","description":"Initial configuration before every TestSuite (Set System variables for test suite, open browser).","steps":[{"name":"`get common.cfg file via maven compilation (release settings)`.","status":"passed","stage":"finished","steps":[],"attachments":[],"parameters":[{"name":"sMessage","value":"get common.cfg file via maven compilation (release settings)"}],"start":1614367355153,"stop":1614367355193}],"attachments":[],"parameters":[],"start":1614367354724,"stop":1614367355200}],"afters":[{"name":"testSuiteDown","status":"broken","statusDetails":{"known":false,"muted":false,"flaky":false,"message":"No webdriver is bound to current thread: 1. You need to call open(url) first.","trace":"java.lang.IllegalStateException: No webdriver is bound to current thread: 1. You need to call open(url) first.\r\n\tat com.codeborne.selenide.impl.WebDriverThreadLocalContainer.getWebDriver(WebDriverThreadLocalContainer.java:121)\r\n\tat com.codeborne.selenide.WebDriverRunner.getWebDriver(WebDriverRunner.java:81)\r\n\tat com.codeborne.selenide.impl.StaticDriver.getWebDriver(StaticDriver.java:50)\r\n\tat com.codeborne.selenide.impl.ElementFinder.getSearchContext(ElementFinder.java:120)\r\n\tat com.codeborne.selenide.impl.ElementFinder.getWebElement(ElementFinder.java:104)\r\n\tat com.codeborne.selenide.commands.Exists.execute(Exists.java:23)\r\n\tat com.codeborne.selenide.commands.Exists.execute(Exists.java:15)\r\n\tat com.codeborne.selenide.commands.Commands.execute(Commands.java:153)\r\n\tat com.codeborne.selenide.impl.SelenideElementProxy.dispatchAndRetry(SelenideElementProxy.java:112)\r\n\tat com.codeborne.selenide.impl.SelenideElementProxy.invoke(SelenideElementProxy.java:68)\r\n\tat com.sun.proxy.$Proxy34.exists(Unknown Source)\r\n\tat app.pageobject.BasePageObject.bIsLoggedIn(BasePageObject.java:348)\r\n\tat app.helper.BaseTestGui.testSuiteDown(BaseTestGui.java:217)\r\n\tat sun.reflect.NativeMethodAccessorImpl.invoke0(Native Method)\r\n\tat sun.reflect.NativeMethodAccessorImpl.invoke(NativeMethodAccessorImpl.java:62)\r\n\tat sun.reflect.DelegatingMethodAccessorImpl.invoke(DelegatingMethodAccessorImpl.java:43)\r\n\tat java.lang.reflect.Method.invoke(Method.java:498)\r\n\tat org.testng.internal.MethodInvocationHelper.invokeMethod(MethodInvocationHelper.java:132)\r\n\tat org.testng.internal.MethodInvocationHelper.invokeMethodConsideringTimeout(MethodInvocationHelper.java:61)\r\n\tat org.testng.internal.ConfigInvoker.invokeConfigurationMethod(ConfigInvoker.java:366)\r\n\tat org.testng.internal.ConfigInvoker.invokeConfigurations(ConfigInvoker.java:320)\r\n\tat org.testng.SuiteRunner.privateRun(SuiteRunner.java:351)\r\n\tat org.testng.SuiteRunner.run(SuiteRunner.java:286)\r\n\tat org.testng.SuiteRunnerWorker.runSuite(SuiteRunnerWorker.java:53)\r\n\tat org.testng.SuiteRunnerWorker.run(SuiteRunnerWorker.java:96)\r\n\tat org.testng.TestNG.runSuitesSequentially(TestNG.java:1218)\r\n\tat org.testng.TestNG.runSuitesLocally(TestNG.java:1140)\r\n\tat org.testng.TestNG.runSuites(TestNG.java:1069)\r\n\tat org.testng.TestNG.run(TestNG.java:1037)\r\n\tat org.apache.maven.surefire.testng.TestNGExecutor.run(TestNGExecutor.java:283)\r\n\tat org.apache.maven.surefire.testng.TestNGXmlTestSuite.execute(TestNGXmlTestSuite.java:75)\r\n\tat org.apache.maven.surefire.testng.TestNGProvider.invoke(TestNGProvider.java:120)\r\n\tat org.apache.maven.surefire.booter.ForkedBooter.invokeProviderInSameClassLoader(ForkedBooter.java:384)\r\n\tat org.apache.maven.surefire.booter.ForkedBooter.runSuitesInProcess(ForkedBooter.java:345)\r\n\tat org.apache.maven.surefire.booter.ForkedBooter.execute(ForkedBooter.java:126)\r\n\tat org.apache.maven.surefire.booter.ForkedBooter.main(ForkedBooter.java:418)\r\n"},"stage":"finished","description":"","steps":[{"name":"Create environment properties file and Close test suite.","status":"broken","statusDetails":{"known":false,"muted":false,"flaky":false,"message":"No webdriver is bound to current thread: 1. You need to call open(url) first.","trace":"java.lang.IllegalStateException: No webdriver is bound to current thread: 1. You need to call open(url) first.\r\n\tat com.codeborne.selenide.impl.WebDriverThreadLocalContainer.getWebDriver(WebDriverThreadLocalContainer.java:121)\r\n\tat com.codeborne.selenide.WebDriverRunner.getWebDriver(WebDriverRunner.java:81)\r\n\tat com.codeborne.selenide.impl.StaticDriver.getWebDriver(StaticDriver.java:50)\r\n\tat com.codeborne.selenide.impl.ElementFinder.getSearchContext(ElementFinder.java:120)\r\n\tat com.codeborne.selenide.impl.ElementFinder.getWebElement(ElementFinder.java:104)\r\n\tat com.codeborne.selenide.commands.Exists.execute(Exists.java:23)\r\n\tat com.codeborne.selenide.commands.Exists.execute(Exists.java:15)\r\n\tat com.codeborne.selenide.commands.Commands.execute(Commands.java:153)\r\n\tat com.codeborne.selenide.impl.SelenideElementProxy.dispatchAndRetry(SelenideElementProxy.java:112)\r\n\tat com.codeborne.selenide.impl.SelenideElementProxy.invoke(SelenideElementProxy.java:68)\r\n\tat com.sun.proxy.$Proxy34.exists(Unknown Source)\r\n\tat app.pageobject.BasePageObject.bIsLoggedIn(BasePageObject.java:348)\r\n\tat app.helper.BaseTestGui.testSuiteDown(BaseTestGui.java:217)\r\n\tat sun.reflect.NativeMethodAccessorImpl.invoke0(Native Method)\r\n\tat sun.reflect.NativeMethodAccessorImpl.invoke(NativeMethodAccessorImpl.java:62)\r\n\tat sun.reflect.DelegatingMethodAccessorImpl.invoke(DelegatingMethodAccessorImpl.java:43)\r\n\tat java.lang.reflect.Method.invoke(Method.java:498)\r\n\tat org.testng.internal.MethodInvocationHelper.invokeMethod(MethodInvocationHelper.java:132)\r\n\tat org.testng.internal.MethodInvocationHelper.invokeMethodConsideringTimeout(MethodInvocationHelper.java:61)\r\n\tat org.testng.internal.ConfigInvoker.invokeConfigurationMethod(ConfigInvoker.java:366)\r\n\tat org.testng.internal.ConfigInvoker.invokeConfigurations(ConfigInvoker.java:320)\r\n\tat org.testng.SuiteRunner.privateRun(SuiteRunner.java:351)\r\n\tat org.testng.SuiteRunner.run(SuiteRunner.java:286)\r\n\tat org.testng.SuiteRunnerWorker.runSuite(SuiteRunnerWorker.java:53)\r\n\tat org.testng.SuiteRunnerWorker.run(SuiteRunnerWorker.java:96)\r\n\tat org.testng.TestNG.runSuitesSequentially(TestNG.java:1218)\r\n\tat org.testng.TestNG.runSuitesLocally(TestNG.java:1140)\r\n\tat org.testng.TestNG.runSuites(TestNG.java:1069)\r\n\tat org.testng.TestNG.run(TestNG.java:1037)\r\n\tat org.apache.maven.surefire.testng.TestNGExecutor.run(TestNGExecutor.java:283)\r\n\tat org.apache.maven.surefire.testng.TestNGXmlTestSuite.execute(TestNGXmlTestSuite.java:75)\r\n\tat org.apache.maven.surefire.testng.TestNGProvider.invoke(TestNGProvider.java:120)\r\n\tat org.apache.maven.surefire.booter.ForkedBooter.invokeProviderInSameClassLoader(ForkedBooter.java:384)\r\n\tat org.apache.maven.surefire.booter.ForkedBooter.runSuitesInProcess(ForkedBooter.java:345)\r\n\tat org.apache.maven.surefire.booter.ForkedBooter.execute(ForkedBooter.java:126)\r\n\tat org.apache.maven.surefire.booter.ForkedBooter.main(ForkedBooter.java:418)\r\n"},"stage":"finished","steps":[{"name":"Create and fill environments.properties with information about environment","status":"passed","stage":"finished","steps":[{"name":"Get precious time.","status":"passed","stage":"finished","steps":[{"name":"`Precious time is: 26-02-2021 21:22:35`.","status":"passed","stage":"finished","steps":[],"attachments":[],"parameters":[{"name":"sMessage","value":"Precious time is: 26-02-2021 21:22:35"}],"start":1614367355733,"stop":1614367355733}],"attachments":[],"parameters":[],"start":1614367355731,"stop":1614367355734},{"name":"``getDuration ` Test duration: `null`.`.","status":"passed","stage":"finished","steps":[],"attachments":[],"parameters":[{"name":"sMessage","value":"`getDuration ` Test duration: `null`."}],"start":1614367355788,"stop":1614367355789},{"name":"`environment.path: C:\\Users\\yuriy\\IdeaProjects\\MobyMaxApplication\\target\\allure-results\\environment.properties`.","status":"passed","stage":"finished","steps":[],"attachments":[],"parameters":[{"name":"sMessage","value":"environment.path: C:\\Users\\yuriy\\IdeaProjects\\MobyMaxApplication\\target\\allure-results\\environment.properties"}],"start":1614367355790,"stop":1614367355790}],"attachments":[],"parameters":[],"start":1614367355731,"stop":1614367355816},{"name":"`Create environment properties file`.","status":"passed","stage":"finished","steps":[],"attachments":[],"parameters":[{"name":"sMessage","value":"Create environment properties file"}],"start":1614367355816,"stop":1614367355817},{"name":"Return True if logged in to APP","status":"broken","statusDetails":{"known":false,"muted":false,"flaky":false,"message":"No webdriver is bound to current thread: 1. You need to call open(url) first.","trace":"java.lang.IllegalStateException: No webdriver is bound to current thread: 1. You need to call open(url) first.\r\n\tat com.codeborne.selenide.impl.WebDriverThreadLocalContainer.getWebDriver(WebDriverThreadLocalContainer.java:121)\r\n\tat com.codeborne.selenide.WebDriverRunner.getWebDriver(WebDriverRunner.java:81)\r\n\tat com.codeborne.selenide.impl.StaticDriver.getWebDriver(StaticDriver.java:50)\r\n\tat com.codeborne.selenide.impl.ElementFinder.getSearchContext(ElementFinder.java:120)\r\n\tat com.codeborne.selenide.impl.ElementFinder.getWebElement(ElementFinder.java:104)\r\n\tat com.codeborne.selenide.commands.Exists.execute(Exists.java:23)\r\n\tat com.codeborne.selenide.commands.Exists.execute(Exists.java:15)\r\n\tat com.codeborne.selenide.commands.Commands.execute(Commands.java:153)\r\n\tat com.codeborne.selenide.impl.SelenideElementProxy.dispatchAndRetry(SelenideElementProxy.java:112)\r\n\tat com.codeborne.selenide.impl.SelenideElementProxy.invoke(SelenideElementProxy.java:68)\r\n\tat com.sun.proxy.$Proxy34.exists(Unknown Source)\r\n\tat app.pageobject.BasePageObject.bIsLoggedIn(BasePageObject.java:348)\r\n\tat app.helper.BaseTestGui.testSuiteDown(BaseTestGui.java:217)\r\n\tat sun.reflect.NativeMethodAccessorImpl.invoke0(Native Method)\r\n\tat sun.reflect.NativeMethodAccessorImpl.invoke(NativeMethodAccessorImpl.java:62)\r\n\tat sun.reflect.DelegatingMethodAccessorImpl.invoke(DelegatingMethodAccessorImpl.java:43)\r\n\tat java.lang.reflect.Method.invoke(Method.java:498)\r\n\tat org.testng.internal.MethodInvocationHelper.invokeMethod(MethodInvocationHelper.java:132)\r\n\tat org.testng.internal.MethodInvocationHelper.invokeMethodConsideringTimeout(MethodInvocationHelper.java:61)\r\n\tat org.testng.internal.ConfigInvoker.invokeConfigurationMethod(ConfigInvoker.java:366)\r\n\tat org.testng.internal.ConfigInvoker.invokeConfigurations(ConfigInvoker.java:320)\r\n\tat org.testng.SuiteRunner.privateRun(SuiteRunner.java:351)\r\n\tat org.testng.SuiteRunner.run(SuiteRunner.java:286)\r\n\tat org.testng.SuiteRunnerWorker.runSuite(SuiteRunnerWorker.java:53)\r\n\tat org.testng.SuiteRunnerWorker.run(SuiteRunnerWorker.java:96)\r\n\tat org.testng.TestNG.runSuitesSequentially(TestNG.java:1218)\r\n\tat org.testng.TestNG.runSuitesLocally(TestNG.java:1140)\r\n\tat org.testng.TestNG.runSuites(TestNG.java:1069)\r\n\tat org.testng.TestNG.run(TestNG.java:1037)\r\n\tat org.apache.maven.surefire.testng.TestNGExecutor.run(TestNGExecutor.java:283)\r\n\tat org.apache.maven.surefire.testng.TestNGXmlTestSuite.execute(TestNGXmlTestSuite.java:75)\r\n\tat org.apache.maven.surefire.testng.TestNGProvider.invoke(TestNGProvider.java:120)\r\n\tat org.apache.maven.surefire.booter.ForkedBooter.invokeProviderInSameClassLoader(ForkedBooter.java:384)\r\n\tat org.apache.maven.surefire.booter.ForkedBooter.runSuitesInProcess(ForkedBooter.java:345)\r\n\tat org.apache.maven.surefire.booter.ForkedBooter.execute(ForkedBooter.java:126)\r\n\tat org.apache.maven.surefire.booter.ForkedBooter.main(ForkedBooter.java:418)\r\n"},"stage":"finished","steps":[{"name":"$(\"By.id: logOffLink\") exists()","status":"broken","statusDetails":{"known":false,"muted":false,"flaky":false,"message":"No webdriver is bound to current thread: 1. You need to call open(url) first.","trace":"java.lang.IllegalStateException: No webdriver is bound to current thread: 1. You need to call open(url) first.\r\n\tat com.codeborne.selenide.impl.WebDriverThreadLocalContainer.getWebDriver(WebDriverThreadLocalContainer.java:121)\r\n\tat com.codeborne.selenide.WebDriverRunner.getWebDriver(WebDriverRunner.java:81)\r\n\tat com.codeborne.selenide.impl.StaticDriver.getWebDriver(StaticDriver.java:50)\r\n\tat com.codeborne.selenide.impl.ElementFinder.getSearchContext(ElementFinder.java:120)\r\n\tat com.codeborne.selenide.impl.ElementFinder.getWebElement(ElementFinder.java:104)\r\n\tat com.codeborne.selenide.commands.Exists.execute(Exists.java:23)\r\n\tat com.codeborne.selenide.commands.Exists.execute(Exists.java:15)\r\n\tat com.codeborne.selenide.commands.Commands.execute(Commands.java:153)\r\n\tat com.codeborne.selenide.impl.SelenideElementProxy.dispatchAndRetry(SelenideElementProxy.java:112)\r\n\tat com.codeborne.selenide.impl.SelenideElementProxy.invoke(SelenideElementProxy.java:68)\r\n\tat com.sun.proxy.$Proxy34.exists(Unknown Source)\r\n\tat app.pageobject.BasePageObject.bIsLoggedIn(BasePageObject.java:348)\r\n\tat app.helper.BaseTestGui.testSuiteDown(BaseTestGui.java:217)\r\n\tat sun.reflect.NativeMethodAccessorImpl.invoke0(Native Method)\r\n\tat sun.reflect.NativeMethodAccessorImpl.invoke(NativeMethodAccessorImpl.java:62)\r\n\tat sun.reflect.DelegatingMethodAccessorImpl.invoke(DelegatingMethodAccessorImpl.java:43)\r\n\tat java.lang.reflect.Method.invoke(Method.java:498)\r\n\tat org.testng.internal.MethodInvocationHelper.invokeMethod(MethodInvocationHelper.java:132)\r\n\tat org.testng.internal.MethodInvocationHelper.invokeMethodConsideringTimeout(MethodInvocationHelper.java:61)\r\n\tat org.testng.internal.ConfigInvoker.invokeConfigurationMethod(ConfigInvoker.java:366)\r\n\tat org.testng.internal.ConfigInvoker.invokeConfigurations(ConfigInvoker.java:320)\r\n\tat org.testng.SuiteRunner.privateRun(SuiteRunner.java:351)\r\n\tat org.testng.SuiteRunner.run(SuiteRunner.java:286)\r\n\tat org.testng.SuiteRunnerWorker.runSuite(SuiteRunnerWorker.java:53)\r\n\tat org.testng.SuiteRunnerWorker.run(SuiteRunnerWorker.java:96)\r\n\tat org.testng.TestNG.runSuitesSequentially(TestNG.java:1218)\r\n\tat org.testng.TestNG.runSuitesLocally(TestNG.java:1140)\r\n\tat org.testng.TestNG.runSuites(TestNG.java:1069)\r\n\tat org.testng.TestNG.run(TestNG.java:1037)\r\n\tat org.apache.maven.surefire.testng.TestNGExecutor.run(TestNGExecutor.java:283)\r\n\tat org.apache.maven.surefire.testng.TestNGXmlTestSuite.execute(TestNGXmlTestSuite.java:75)\r\n\tat org.apache.maven.surefire.testng.TestNGProvider.invoke(TestNGProvider.java:120)\r\n\tat org.apache.maven.surefire.booter.ForkedBooter.invokeProviderInSameClassLoader(ForkedBooter.java:384)\r\n\tat org.apache.maven.surefire.booter.ForkedBooter.runSuitesInProcess(ForkedBooter.java:345)\r\n\tat org.apache.maven.surefire.booter.ForkedBooter.execute(ForkedBooter.java:126)\r\n\tat org.apache.maven.surefire.booter.ForkedBooter.main(ForkedBooter.java:418)\r\n"},"stage":"finished","steps":[],"attachments":[],"parameters":[],"start":1614367355860,"stop":1614367356016}],"attachments":[],"parameters":[],"start":1614367355819,"stop":1614367356018}],"attachments":[],"parameters":[],"start":1614367355683,"stop":1614367356018}],"attachments":[],"parameters":[],"start":1614367355682,"stop":1614367356019}],"links":[],"start":1614367354683,"stop":1614367356031}