<!DOCTYPE html PUBLIC "-//W3C//DTD XHTML 1.1//EN" "http://www.w3.org/TR/xhtml11/DTD/xhtml11.dtd">
<html xmlns="http://www.w3.org/1999/xhtml">
<head>
<meta http-equiv="content-type" content="text/html; charset=UTF-8"/>
<title>TestNG Report</title>
<style type="text/css">table {margin-bottom:10px;border-collapse:collapse;empty-cells:show}th,td {border:1px solid #009;padding:.25em .5em}th {vertical-align:bottom}td {vertical-align:top}table a {font-weight:bold}.stripe td {background-color: #E6EBF9}.num {text-align:right}.passedodd td {background-color: #3F3}.passedeven td {background-color: #0A0}.skippedodd td {background-color: #DDD}.skippedeven td {background-color: #CCC}.failedodd td,.attn {background-color: #F33}.failedeven td,.stripe .attn {background-color: #D00}.stacktrace {white-space:pre;font-family:monospace}.totop {font-size:85%;text-align:center;border-bottom:2px solid #000}.invisible {display:none}</style>
</head>
<body>
<table>
<tr><th>Test</th><th># Passed</th><th># Skipped</th><th># Retried</th><th># Failed</th><th>Time (ms)</th><th>Included Groups</th><th>Excluded Groups</th></tr>
<tr><th colspan="8">AutoTestSuite_1</th></tr>
<tr><td><a href="#t0">Teacher: Testsets for teacher.</a></td><td class="num">18</td><td class="num">0</td><td class="num">0</td><td class="num attn">3</td><td class="num">1,232,634</td><td></td><td></td></tr>
</table>
<table id='summary'><thead><tr><th>Class</th><th>Method</th><th>Start</th><th>Time (ms)</th></tr></thead><tbody><tr><th colspan="4">AutoTestSuite_1</th></tr></tbody><tbody id="t0"><tr><th colspan="4">Teacher: Testsets for teacher. &#8212; failed</th></tr><tr class="failedeven"><td rowspan="3">app.tests.teacher.RegisterTests</td><td><a href="#m0">test10teacherRegister</a></td><td rowspan="1">1614514314615</td><td rowspan="1">31955</td></tr><tr class="failedeven"><td><a href="#m1">test11teacherRegister</a></td><td rowspan="1">1614514353134</td><td rowspan="1">32246</td></tr><tr class="failedeven"><td><a href="#m2">test12teacherRegister</a></td><td rowspan="1">1614514392331</td><td rowspan="1">32316</td></tr><tr><th colspan="4">Teacher: Testsets for teacher. &#8212; passed</th></tr><tr class="passedeven"><td rowspan="6">app.tests.teacher.LoginTests</td><td><a href="#m3">test01teacherLogin</a></td><td rowspan="1">1614514452643</td><td rowspan="1">21898</td></tr><tr class="passedeven"><td><a href="#m4">test02teacherLogin</a></td><td rowspan="1">1614514474810</td><td rowspan="1">11471</td></tr><tr class="passedeven"><td><a href="#m5">test03teacherLogin</a></td><td rowspan="1">1614514486289</td><td rowspan="1">11926</td></tr><tr class="passedeven"><td><a href="#m6">test04teacherLogin</a></td><td rowspan="1">1614514499291</td><td rowspan="1">12191</td></tr><tr class="passedeven"><td><a href="#m7">test05teacherLogin</a></td><td rowspan="1">1614514511500</td><td rowspan="1">11563</td></tr><tr class="passedeven"><td><a href="#m8">test06teacherLogin</a></td><td rowspan="1">1614514523069</td><td rowspan="1">11412</td></tr><tr class="passedodd"><td rowspan="10">app.tests.teacher.RegisterTests</td><td><a href="#m9">test01teacherRegister</a></td><td rowspan="1">1614514097132</td><td rowspan="1">35281</td></tr><tr class="passedodd"><td><a href="#m10">test02teacherRegister</a></td><td rowspan="1">1614514132435</td><td rowspan="1">29400</td></tr><tr class="passedodd"><td><a href="#m11">test03teacherRegister</a></td><td rowspan="1">1614514161846</td><td rowspan="1">24221</td></tr><tr class="passedodd"><td><a href="#m12">test04teacherRegister</a></td><td rowspan="1">1614514186076</td><td rowspan="1">22408</td></tr><tr class="passedodd"><td><a href="#m13">test05teacherRegister</a></td><td rowspan="1">1614514208492</td><td rowspan="1">16950</td></tr><tr class="passedodd"><td><a href="#m14">test06teacherRegister</a></td><td rowspan="1">1614514225455</td><td rowspan="1">25566</td></tr><tr class="passedodd"><td><a href="#m15">test07teacherRegister</a></td><td rowspan="1">1614514251029</td><td rowspan="1">25228</td></tr><tr class="passedodd"><td><a href="#m16">test08teacherRegister</a></td><td rowspan="1">1614514276264</td><td rowspan="1">16961</td></tr><tr class="passedodd"><td><a href="#m17">test09teacherRegister</a></td><td rowspan="1">1614514293232</td><td rowspan="1">21377</td></tr><tr class="passedodd"><td><a href="#m18">test13teacherRegister</a></td><td rowspan="1">1614514430896</td><td rowspan="1">17128</td></tr><tr class="passedeven"><td rowspan="2">app.tests.teacher.StudentRegisterTests</td><td><a href="#m19">test01registerStudent</a></td><td rowspan="1">1614514539099</td><td rowspan="1">99107</td></tr><tr class="passedeven"><td><a href="#m20">test02registerStudentGroup</a></td><td rowspan="1">1614514638264</td><td rowspan="1">686731</td></tr></tbody>
</table>
<h2>Teacher: Testsets for teacher.</h2><h3 id="m0">app.tests.teacher.RegisterTests#test10teacherRegister</h3><table class="result"><tr><th>Exception</th></tr><tr><td><div class="stacktrace">Element not found {By.xpath: .//div[@class=&apos;bt-content&apos;]}
Expected: exist
Screenshot: file:/C:/Users/yuriy/IdeaProjects/MobyMaxApplication/build/reports/tests/1614514337242.0.png
Timeout: 10 s.
Caused by: NoSuchElementException: no such element: Unable to locate element: {&quot;method&quot;:&quot;xpath&quot;,&quot;selector&quot;:&quot;.//div[@class=&apos;bt-content&apos;]&quot;}
	at com.codeborne.selenide.impl.WebElementSource.createElementNotFoundError(WebElementSource.java:56)
	at com.codeborne.selenide.impl.ElementFinder.createElementNotFoundError(ElementFinder.java:136)
	at com.codeborne.selenide.impl.WebElementSource.checkCondition(WebElementSource.java:87)
	at com.codeborne.selenide.commands.Should.execute(Should.java:30)
	at com.codeborne.selenide.commands.Should.execute(Should.java:14)
	at com.codeborne.selenide.commands.Commands.execute(Commands.java:153)
	at com.codeborne.selenide.impl.SelenideElementProxy.dispatchAndRetry(SelenideElementProxy.java:112)
	at com.codeborne.selenide.impl.SelenideElementProxy.invoke(SelenideElementProxy.java:68)
	at com.sun.proxy.$Proxy44.shouldBe(Unknown Source)
	at app.pageobject.BasePageObject.checkError(BasePageObject.java:94)
	at app.tests.teacher.TeacherScenario.failedRegister(TeacherScenario.java:120)
	at app.tests.teacher.RegisterTests.test10teacherRegister(RegisterTests.java:169)
	at java.util.ArrayList.forEach(ArrayList.java:1257)
Caused by: org.openqa.selenium.NoSuchElementException: no such element: Unable to locate element: {&quot;method&quot;:&quot;xpath&quot;,&quot;selector&quot;:&quot;.//div[@class=&apos;bt-content&apos;]&quot;}
  (Session info: MicrosoftEdge=88.0.705.81)
For documentation on this error, please visit: https://www.seleniumhq.org/exceptions/no_such_element.html
Build info: version: &apos;3.141.59&apos;, revision: &apos;e82be7d358&apos;, time: &apos;2018-11-14T08:17:03&apos;
System info: host: &apos;DESKTOP-VMP5GT0&apos;, ip: &apos;192.168.1.53&apos;, os.name: &apos;Windows 10&apos;, os.arch: &apos;amd64&apos;, os.version: &apos;10.0&apos;, java.version: &apos;1.8.0_221&apos;
Driver info: org.openqa.selenium.edge.EdgeDriver
Capabilities {acceptInsecureCerts: true, browserName: msedge, browserVersion: 88.0.705.81, javascriptEnabled: true, ms:edgeOptions: {debuggerAddress: localhost:49511}, msedge: {msedgedriverVersion: 88.0.705.81 (324d415ccf2f0d..., userDataDir: C:\Users\yuriy\AppData\Loca...}, networkConnectionEnabled: false, pageLoadStrategy: normal, platform: WINDOWS, platformName: WINDOWS, proxy: Proxy(), setWindowRect: true, strictFileInteractability: false, timeouts: {implicit: 0, pageLoad: 300000, script: 30000}, unhandledPromptBehavior: dismiss and notify, webauthn:extension:largeBlob: true, webauthn:virtualAuthenticators: true}
Session ID: cffa6f10a4a5f8fbd39534f9977e383a
*** Element info: {Using=xpath, value=.//div[@class=&apos;bt-content&apos;]}
	at org.openqa.selenium.remote.http.W3CHttpResponseCodec.createException(W3CHttpResponseCodec.java:187)
	at org.openqa.selenium.remote.http.W3CHttpResponseCodec.decode(W3CHttpResponseCodec.java:122)
	at org.openqa.selenium.remote.http.W3CHttpResponseCodec.decode(W3CHttpResponseCodec.java:49)
	at org.openqa.selenium.remote.HttpCommandExecutor.execute(HttpCommandExecutor.java:158)
	at org.openqa.selenium.remote.service.DriverCommandExecutor.execute(DriverCommandExecutor.java:83)
	at org.openqa.selenium.remote.RemoteWebDriver.execute(RemoteWebDriver.java:552)
	at org.openqa.selenium.remote.RemoteWebDriver.findElement(RemoteWebDriver.java:323)
	at org.openqa.selenium.remote.RemoteWebDriver.findElementByXPath(RemoteWebDriver.java:428)
	at org.openqa.selenium.By$ByXPath.findElement(By.java:353)
	at org.openqa.selenium.remote.RemoteWebDriver.findElement(RemoteWebDriver.java:315)
	at com.codeborne.selenide.impl.WebElementSelector.findElement(WebElementSelector.java:65)
	at com.codeborne.selenide.impl.WebElementSelector.findElement(WebElementSelector.java:40)
	at com.codeborne.selenide.impl.ElementFinder.getWebElement(ElementFinder.java:104)
	at com.codeborne.selenide.impl.WebElementSource.checkCondition(WebElementSource.java:72)
	... 41 more
... Removed 34 stack frames</div></td></tr></table><p class="totop"><a href="#summary">back to summary</a></p>
<h3 id="m1">app.tests.teacher.RegisterTests#test11teacherRegister</h3><table class="result"><tr><th>Exception</th></tr><tr><td><div class="stacktrace">Element not found {By.xpath: .//div[@class=&apos;bt-content&apos;]}
Expected: exist
Screenshot: file:/C:/Users/yuriy/IdeaProjects/MobyMaxApplication/build/reports/tests/1614514376035.1.png
Timeout: 10 s.
Caused by: NoSuchElementException: no such element: Unable to locate element: {&quot;method&quot;:&quot;xpath&quot;,&quot;selector&quot;:&quot;.//div[@class=&apos;bt-content&apos;]&quot;}
	at com.codeborne.selenide.impl.WebElementSource.createElementNotFoundError(WebElementSource.java:56)
	at com.codeborne.selenide.impl.ElementFinder.createElementNotFoundError(ElementFinder.java:136)
	at com.codeborne.selenide.impl.WebElementSource.checkCondition(WebElementSource.java:87)
	at com.codeborne.selenide.commands.Should.execute(Should.java:30)
	at com.codeborne.selenide.commands.Should.execute(Should.java:14)
	at com.codeborne.selenide.commands.Commands.execute(Commands.java:153)
	at com.codeborne.selenide.impl.SelenideElementProxy.dispatchAndRetry(SelenideElementProxy.java:112)
	at com.codeborne.selenide.impl.SelenideElementProxy.invoke(SelenideElementProxy.java:68)
	at com.sun.proxy.$Proxy44.shouldBe(Unknown Source)
	at app.pageobject.BasePageObject.checkError(BasePageObject.java:94)
	at app.tests.teacher.TeacherScenario.failedRegister(TeacherScenario.java:120)
	at app.tests.teacher.RegisterTests.test11teacherRegister(RegisterTests.java:183)
	at java.util.ArrayList.forEach(ArrayList.java:1257)
Caused by: org.openqa.selenium.NoSuchElementException: no such element: Unable to locate element: {&quot;method&quot;:&quot;xpath&quot;,&quot;selector&quot;:&quot;.//div[@class=&apos;bt-content&apos;]&quot;}
  (Session info: MicrosoftEdge=88.0.705.81)
For documentation on this error, please visit: https://www.seleniumhq.org/exceptions/no_such_element.html
Build info: version: &apos;3.141.59&apos;, revision: &apos;e82be7d358&apos;, time: &apos;2018-11-14T08:17:03&apos;
System info: host: &apos;DESKTOP-VMP5GT0&apos;, ip: &apos;192.168.1.53&apos;, os.name: &apos;Windows 10&apos;, os.arch: &apos;amd64&apos;, os.version: &apos;10.0&apos;, java.version: &apos;1.8.0_221&apos;
Driver info: org.openqa.selenium.edge.EdgeDriver
Capabilities {acceptInsecureCerts: true, browserName: msedge, browserVersion: 88.0.705.81, javascriptEnabled: true, ms:edgeOptions: {debuggerAddress: localhost:49511}, msedge: {msedgedriverVersion: 88.0.705.81 (324d415ccf2f0d..., userDataDir: C:\Users\yuriy\AppData\Loca...}, networkConnectionEnabled: false, pageLoadStrategy: normal, platform: WINDOWS, platformName: WINDOWS, proxy: Proxy(), setWindowRect: true, strictFileInteractability: false, timeouts: {implicit: 0, pageLoad: 300000, script: 30000}, unhandledPromptBehavior: dismiss and notify, webauthn:extension:largeBlob: true, webauthn:virtualAuthenticators: true}
Session ID: cffa6f10a4a5f8fbd39534f9977e383a
*** Element info: {Using=xpath, value=.//div[@class=&apos;bt-content&apos;]}
	at org.openqa.selenium.remote.http.W3CHttpResponseCodec.createException(W3CHttpResponseCodec.java:187)
	at org.openqa.selenium.remote.http.W3CHttpResponseCodec.decode(W3CHttpResponseCodec.java:122)
	at org.openqa.selenium.remote.http.W3CHttpResponseCodec.decode(W3CHttpResponseCodec.java:49)
	at org.openqa.selenium.remote.HttpCommandExecutor.execute(HttpCommandExecutor.java:158)
	at org.openqa.selenium.remote.service.DriverCommandExecutor.execute(DriverCommandExecutor.java:83)
	at org.openqa.selenium.remote.RemoteWebDriver.execute(RemoteWebDriver.java:552)
	at org.openqa.selenium.remote.RemoteWebDriver.findElement(RemoteWebDriver.java:323)
	at org.openqa.selenium.remote.RemoteWebDriver.findElementByXPath(RemoteWebDriver.java:428)
	at org.openqa.selenium.By$ByXPath.findElement(By.java:353)
	at org.openqa.selenium.remote.RemoteWebDriver.findElement(RemoteWebDriver.java:315)
	at com.codeborne.selenide.impl.WebElementSelector.findElement(WebElementSelector.java:65)
	at com.codeborne.selenide.impl.WebElementSelector.findElement(WebElementSelector.java:40)
	at com.codeborne.selenide.impl.ElementFinder.getWebElement(ElementFinder.java:104)
	at com.codeborne.selenide.impl.WebElementSource.checkCondition(WebElementSource.java:72)
	... 41 more
... Removed 34 stack frames</div></td></tr></table><p class="totop"><a href="#summary">back to summary</a></p>
<h3 id="m2">app.tests.teacher.RegisterTests#test12teacherRegister</h3><table class="result"><tr><th>Exception</th></tr><tr><td><div class="stacktrace">Element not found {By.xpath: .//div[@class=&apos;bt-content&apos;]}
Expected: exist
Screenshot: file:/C:/Users/yuriy/IdeaProjects/MobyMaxApplication/build/reports/tests/1614514415303.2.png
Timeout: 10 s.
Caused by: NoSuchElementException: no such element: Unable to locate element: {&quot;method&quot;:&quot;xpath&quot;,&quot;selector&quot;:&quot;.//div[@class=&apos;bt-content&apos;]&quot;}
	at com.codeborne.selenide.impl.WebElementSource.createElementNotFoundError(WebElementSource.java:56)
	at com.codeborne.selenide.impl.ElementFinder.createElementNotFoundError(ElementFinder.java:136)
	at com.codeborne.selenide.impl.WebElementSource.checkCondition(WebElementSource.java:87)
	at com.codeborne.selenide.commands.Should.execute(Should.java:30)
	at com.codeborne.selenide.commands.Should.execute(Should.java:14)
	at com.codeborne.selenide.commands.Commands.execute(Commands.java:153)
	at com.codeborne.selenide.impl.SelenideElementProxy.dispatchAndRetry(SelenideElementProxy.java:112)
	at com.codeborne.selenide.impl.SelenideElementProxy.invoke(SelenideElementProxy.java:68)
	at com.sun.proxy.$Proxy44.shouldBe(Unknown Source)
	at app.pageobject.BasePageObject.checkError(BasePageObject.java:94)
	at app.tests.teacher.TeacherScenario.failedRegister(TeacherScenario.java:120)
	at app.tests.teacher.RegisterTests.test12teacherRegister(RegisterTests.java:196)
	at java.util.ArrayList.forEach(ArrayList.java:1257)
Caused by: org.openqa.selenium.NoSuchElementException: no such element: Unable to locate element: {&quot;method&quot;:&quot;xpath&quot;,&quot;selector&quot;:&quot;.//div[@class=&apos;bt-content&apos;]&quot;}
  (Session info: MicrosoftEdge=88.0.705.81)
For documentation on this error, please visit: https://www.seleniumhq.org/exceptions/no_such_element.html
Build info: version: &apos;3.141.59&apos;, revision: &apos;e82be7d358&apos;, time: &apos;2018-11-14T08:17:03&apos;
System info: host: &apos;DESKTOP-VMP5GT0&apos;, ip: &apos;192.168.1.53&apos;, os.name: &apos;Windows 10&apos;, os.arch: &apos;amd64&apos;, os.version: &apos;10.0&apos;, java.version: &apos;1.8.0_221&apos;
Driver info: org.openqa.selenium.edge.EdgeDriver
Capabilities {acceptInsecureCerts: true, browserName: msedge, browserVersion: 88.0.705.81, javascriptEnabled: true, ms:edgeOptions: {debuggerAddress: localhost:49511}, msedge: {msedgedriverVersion: 88.0.705.81 (324d415ccf2f0d..., userDataDir: C:\Users\yuriy\AppData\Loca...}, networkConnectionEnabled: false, pageLoadStrategy: normal, platform: WINDOWS, platformName: WINDOWS, proxy: Proxy(), setWindowRect: true, strictFileInteractability: false, timeouts: {implicit: 0, pageLoad: 300000, script: 30000}, unhandledPromptBehavior: dismiss and notify, webauthn:extension:largeBlob: true, webauthn:virtualAuthenticators: true}
Session ID: cffa6f10a4a5f8fbd39534f9977e383a
*** Element info: {Using=xpath, value=.//div[@class=&apos;bt-content&apos;]}
	at org.openqa.selenium.remote.http.W3CHttpResponseCodec.createException(W3CHttpResponseCodec.java:187)
	at org.openqa.selenium.remote.http.W3CHttpResponseCodec.decode(W3CHttpResponseCodec.java:122)
	at org.openqa.selenium.remote.http.W3CHttpResponseCodec.decode(W3CHttpResponseCodec.java:49)
	at org.openqa.selenium.remote.HttpCommandExecutor.execute(HttpCommandExecutor.java:158)
	at org.openqa.selenium.remote.service.DriverCommandExecutor.execute(DriverCommandExecutor.java:83)
	at org.openqa.selenium.remote.RemoteWebDriver.execute(RemoteWebDriver.java:552)
	at org.openqa.selenium.remote.RemoteWebDriver.findElement(RemoteWebDriver.java:323)
	at org.openqa.selenium.remote.RemoteWebDriver.findElementByXPath(RemoteWebDriver.java:428)
	at org.openqa.selenium.By$ByXPath.findElement(By.java:353)
	at org.openqa.selenium.remote.RemoteWebDriver.findElement(RemoteWebDriver.java:315)
	at com.codeborne.selenide.impl.WebElementSelector.findElement(WebElementSelector.java:65)
	at com.codeborne.selenide.impl.WebElementSelector.findElement(WebElementSelector.java:40)
	at com.codeborne.selenide.impl.ElementFinder.getWebElement(ElementFinder.java:104)
	at com.codeborne.selenide.impl.WebElementSource.checkCondition(WebElementSource.java:72)
	... 41 more
... Removed 34 stack frames</div></td></tr></table><p class="totop"><a href="#summary">back to summary</a></p>
<h3 id="m3">app.tests.teacher.LoginTests#test01teacherLogin</h3><table class="result"><tr><th class="invisible"/></tr></table><p class="totop"><a href="#summary">back to summary</a></p>
<h3 id="m4">app.tests.teacher.LoginTests#test02teacherLogin</h3><table class="result"><tr><th class="invisible"/></tr></table><p class="totop"><a href="#summary">back to summary</a></p>
<h3 id="m5">app.tests.teacher.LoginTests#test03teacherLogin</h3><table class="result"><tr><th class="invisible"/></tr></table><p class="totop"><a href="#summary">back to summary</a></p>
<h3 id="m6">app.tests.teacher.LoginTests#test04teacherLogin</h3><table class="result"><tr><th class="invisible"/></tr></table><p class="totop"><a href="#summary">back to summary</a></p>
<h3 id="m7">app.tests.teacher.LoginTests#test05teacherLogin</h3><table class="result"><tr><th class="invisible"/></tr></table><p class="totop"><a href="#summary">back to summary</a></p>
<h3 id="m8">app.tests.teacher.LoginTests#test06teacherLogin</h3><table class="result"><tr><th class="invisible"/></tr></table><p class="totop"><a href="#summary">back to summary</a></p>
<h3 id="m9">app.tests.teacher.RegisterTests#test01teacherRegister</h3><table class="result"><tr><th class="invisible"/></tr></table><p class="totop"><a href="#summary">back to summary</a></p>
<h3 id="m10">app.tests.teacher.RegisterTests#test02teacherRegister</h3><table class="result"><tr><th class="invisible"/></tr></table><p class="totop"><a href="#summary">back to summary</a></p>
<h3 id="m11">app.tests.teacher.RegisterTests#test03teacherRegister</h3><table class="result"><tr><th class="invisible"/></tr></table><p class="totop"><a href="#summary">back to summary</a></p>
<h3 id="m12">app.tests.teacher.RegisterTests#test04teacherRegister</h3><table class="result"><tr><th class="invisible"/></tr></table><p class="totop"><a href="#summary">back to summary</a></p>
<h3 id="m13">app.tests.teacher.RegisterTests#test05teacherRegister</h3><table class="result"><tr><th class="invisible"/></tr></table><p class="totop"><a href="#summary">back to summary</a></p>
<h3 id="m14">app.tests.teacher.RegisterTests#test06teacherRegister</h3><table class="result"><tr><th class="invisible"/></tr></table><p class="totop"><a href="#summary">back to summary</a></p>
<h3 id="m15">app.tests.teacher.RegisterTests#test07teacherRegister</h3><table class="result"><tr><th class="invisible"/></tr></table><p class="totop"><a href="#summary">back to summary</a></p>
<h3 id="m16">app.tests.teacher.RegisterTests#test08teacherRegister</h3><table class="result"><tr><th class="invisible"/></tr></table><p class="totop"><a href="#summary">back to summary</a></p>
<h3 id="m17">app.tests.teacher.RegisterTests#test09teacherRegister</h3><table class="result"><tr><th class="invisible"/></tr></table><p class="totop"><a href="#summary">back to summary</a></p>
<h3 id="m18">app.tests.teacher.RegisterTests#test13teacherRegister</h3><table class="result"><tr><th class="invisible"/></tr></table><p class="totop"><a href="#summary">back to summary</a></p>
<h3 id="m19">app.tests.teacher.StudentRegisterTests#test01registerStudent</h3><table class="result"><tr><th class="invisible"/></tr></table><p class="totop"><a href="#summary">back to summary</a></p>
<h3 id="m20">app.tests.teacher.StudentRegisterTests#test02registerStudentGroup</h3><table class="result"><tr><th class="invisible"/></tr></table><p class="totop"><a href="#summary">back to summary</a></p>
</body>
</html>
