<?xml version="1.0" encoding="UTF-8"?>
<testsuite xmlns:xsi="http://www.w3.org/2001/XMLSchema-instance" xsi:noNamespaceSchemaLocation="https://maven.apache.org/surefire/maven-surefire-plugin/xsd/surefire-test-report.xsd" name="TestSuite" time="1,256.109" tests="21" errors="0" skipped="0" failures="3">
  <properties>
    <property name="sun.desktop" value="windows"/>
    <property name="awt.toolkit" value="sun.awt.windows.WToolkit"/>
    <property name="java.specification.version" value="1.8"/>
    <property name="file.encoding.pkg" value="sun.io"/>
    <property name="log4j.configurationFile" value="C:\Users\yuriy\IdeaProjects\MobyMaxApplication/src/main/resources/log4j2.properties"/>
    <property name="sun.cpu.isalist" value="amd64"/>
    <property name="sun.jnu.encoding" value="Cp1252"/>
    <property name="java.class.path" value="C:\Users\yuriy\.m2\repository\org\apache\maven\surefire\surefire-booter\2.22.2\surefire-booter-2.22.2.jar;C:\Users\yuriy\.m2\repository\org\apache\maven\surefire\surefire-api\2.22.2\surefire-api-2.22.2.jar;C:\Users\yuriy\.m2\repository\org\apache\maven\surefire\surefire-logger-api\2.22.2\surefire-logger-api-2.22.2.jar;C:\Users\yuriy\IdeaProjects\MobyMaxApplication\target\test-classes;C:\Users\yuriy\IdeaProjects\MobyMaxApplication\target\classes;C:\Users\yuriy\.m2\repository\org\aspectj\aspectjweaver\1.9.6\aspectjweaver-1.9.6.jar;C:\Users\yuriy\.m2\repository\io\qameta\allure\allure-maven\2.10.0\allure-maven-2.10.0.jar;C:\Users\yuriy\.m2\repository\org\apache\httpcomponents\httpclient\4.5.3\httpclient-4.5.3.jar;C:\Users\yuriy\.m2\repository\org\apache\httpcomponents\httpcore\4.4.6\httpcore-4.4.6.jar;C:\Users\yuriy\.m2\repository\commons-logging\commons-logging\1.2\commons-logging-1.2.jar;C:\Users\yuriy\.m2\repository\commons-codec\commons-codec\1.9\commons-codec-1.9.jar;C:\Users\yuriy\.m2\repository\com\fasterxml\jackson\core\jackson-databind\2.9.7\jackson-databind-2.9.7.jar;C:\Users\yuriy\.m2\repository\com\fasterxml\jackson\core\jackson-annotations\2.9.0\jackson-annotations-2.9.0.jar;C:\Users\yuriy\.m2\repository\com\fasterxml\jackson\core\jackson-core\2.9.7\jackson-core-2.9.7.jar;C:\Users\yuriy\.m2\repository\org\apache\maven\maven-core\3.3.9\maven-core-3.3.9.jar;C:\Users\yuriy\.m2\repository\org\apache\maven\maven-model\3.3.9\maven-model-3.3.9.jar;C:\Users\yuriy\.m2\repository\org\apache\maven\maven-settings\3.3.9\maven-settings-3.3.9.jar;C:\Users\yuriy\.m2\repository\org\apache\maven\maven-settings-builder\3.3.9\maven-settings-builder-3.3.9.jar;C:\Users\yuriy\.m2\repository\org\apache\maven\maven-builder-support\3.3.9\maven-builder-support-3.3.9.jar;C:\Users\yuriy\.m2\repository\org\apache\maven\maven-repository-metadata\3.3.9\maven-repository-metadata-3.3.9.jar;C:\Users\yuriy\.m2\repository\org\apache\maven\maven-artifact\3.3.9\maven-artifact-3.3.9.jar;C:\Users\yuriy\.m2\repository\org\apache\maven\maven-plugin-api\3.3.9\maven-plugin-api-3.3.9.jar;C:\Users\yuriy\.m2\repository\org\apache\maven\maven-model-builder\3.3.9\maven-model-builder-3.3.9.jar;C:\Users\yuriy\.m2\repository\org\apache\maven\maven-aether-provider\3.3.9\maven-aether-provider-3.3.9.jar;C:\Users\yuriy\.m2\repository\org\eclipse\aether\aether-spi\1.0.2.v20150114\aether-spi-1.0.2.v20150114.jar;C:\Users\yuriy\.m2\repository\org\eclipse\aether\aether-impl\1.0.2.v20150114\aether-impl-1.0.2.v20150114.jar;C:\Users\yuriy\.m2\repository\org\eclipse\aether\aether-api\1.0.2.v20150114\aether-api-1.0.2.v20150114.jar;C:\Users\yuriy\.m2\repository\org\eclipse\aether\aether-util\1.0.2.v20150114\aether-util-1.0.2.v20150114.jar;C:\Users\yuriy\.m2\repository\org\eclipse\sisu\org.eclipse.sisu.plexus\0.3.2\org.eclipse.sisu.plexus-0.3.2.jar;C:\Users\yuriy\.m2\repository\javax\enterprise\cdi-api\1.0\cdi-api-1.0.jar;C:\Users\yuriy\.m2\repository\javax\annotation\jsr250-api\1.0\jsr250-api-1.0.jar;C:\Users\yuriy\.m2\repository\org\eclipse\sisu\org.eclipse.sisu.inject\0.3.2\org.eclipse.sisu.inject-0.3.2.jar;C:\Users\yuriy\.m2\repository\org\codehaus\plexus\plexus-interpolation\1.21\plexus-interpolation-1.21.jar;C:\Users\yuriy\.m2\repository\org\codehaus\plexus\plexus-utils\3.0.22\plexus-utils-3.0.22.jar;C:\Users\yuriy\.m2\repository\org\codehaus\plexus\plexus-classworlds\2.5.2\plexus-classworlds-2.5.2.jar;C:\Users\yuriy\.m2\repository\org\codehaus\plexus\plexus-component-annotations\1.6\plexus-component-annotations-1.6.jar;C:\Users\yuriy\.m2\repository\org\sonatype\plexus\plexus-sec-dispatcher\1.3\plexus-sec-dispatcher-1.3.jar;C:\Users\yuriy\.m2\repository\org\sonatype\plexus\plexus-cipher\1.4\plexus-cipher-1.4.jar;C:\Users\yuriy\.m2\repository\org\apache\maven\reporting\maven-reporting-impl\2.4\maven-reporting-impl-2.4.jar;C:\Users\yuriy\.m2\repository\org\apache\maven\reporting\maven-reporting-api\3.0\maven-reporting-api-3.0.jar;C:\Users\yuriy\.m2\repository\org\apache\maven\maven-project\2.2.1\maven-project-2.2.1.jar;C:\Users\yuriy\.m2\repository\org\apache\maven\maven-profile\2.2.1\maven-profile-2.2.1.jar;C:\Users\yuriy\.m2\repository\org\apache\maven\maven-artifact-manager\2.2.1\maven-artifact-manager-2.2.1.jar;C:\Users\yuriy\.m2\repository\backport-util-concurrent\backport-util-concurrent\3.1\backport-util-concurrent-3.1.jar;C:\Users\yuriy\.m2\repository\org\apache\maven\maven-plugin-registry\2.2.1\maven-plugin-registry-2.2.1.jar;C:\Users\yuriy\.m2\repository\org\codehaus\plexus\plexus-container-default\1.0-alpha-9-stable-1\plexus-container-default-1.0-alpha-9-stable-1.jar;C:\Users\yuriy\.m2\repository\junit\junit\3.8.1\junit-3.8.1.jar;C:\Users\yuriy\.m2\repository\classworlds\classworlds\1.1-alpha-2\classworlds-1.1-alpha-2.jar;C:\Users\yuriy\.m2\repository\org\apache\maven\shared\maven-shared-utils\0.6\maven-shared-utils-0.6.jar;C:\Users\yuriy\.m2\repository\org\apache\maven\doxia\doxia-sink-api\1.6\doxia-sink-api-1.6.jar;C:\Users\yuriy\.m2\repository\org\apache\maven\doxia\doxia-logging-api\1.6\doxia-logging-api-1.6.jar;C:\Users\yuriy\.m2\repository\org\apache\maven\doxia\doxia-core\1.6\doxia-core-1.6.jar;C:\Users\yuriy\.m2\repository\xerces\xercesImpl\2.9.1\xercesImpl-2.9.1.jar;C:\Users\yuriy\.m2\repository\commons-lang\commons-lang\2.4\commons-lang-2.4.jar;C:\Users\yuriy\.m2\repository\xmlunit\xmlunit\1.5\xmlunit-1.5.jar;C:\Users\yuriy\.m2\repository\org\apache\maven\doxia\doxia-site-renderer\1.6\doxia-site-renderer-1.6.jar;C:\Users\yuriy\.m2\repository\org\apache\maven\doxia\doxia-decoration-model\1.6\doxia-decoration-model-1.6.jar;C:\Users\yuriy\.m2\repository\org\apache\maven\doxia\doxia-module-xhtml\1.6\doxia-module-xhtml-1.6.jar;C:\Users\yuriy\.m2\repository\org\apache\maven\doxia\doxia-module-fml\1.6\doxia-module-fml-1.6.jar;C:\Users\yuriy\.m2\repository\org\codehaus\plexus\plexus-i18n\1.0-beta-7\plexus-i18n-1.0-beta-7.jar;C:\Users\yuriy\.m2\repository\org\codehaus\plexus\plexus-velocity\1.1.7\plexus-velocity-1.1.7.jar;C:\Users\yuriy\.m2\repository\org\apache\velocity\velocity-tools\2.0\velocity-tools-2.0.jar;C:\Users\yuriy\.m2\repository\commons-chain\commons-chain\1.1\commons-chain-1.1.jar;C:\Users\yuriy\.m2\repository\dom4j\dom4j\1.1\dom4j-1.1.jar;C:\Users\yuriy\.m2\repository\sslext\sslext\1.2-0\sslext-1.2-0.jar;C:\Users\yuriy\.m2\repository\org\apache\struts\struts-core\1.3.8\struts-core-1.3.8.jar;C:\Users\yuriy\.m2\repository\antlr\antlr\2.7.2\antlr-2.7.2.jar;C:\Users\yuriy\.m2\repository\org\apache\struts\struts-taglib\1.3.8\struts-taglib-1.3.8.jar;C:\Users\yuriy\.m2\repository\org\apache\struts\struts-tiles\1.3.8\struts-tiles-1.3.8.jar;C:\Users\yuriy\.m2\repository\commons-validator\commons-validator\1.4.1\commons-validator-1.4.1.jar;C:\Users\yuriy\.m2\repository\commons-digester\commons-digester\1.8.1\commons-digester-1.8.1.jar;C:\Users\yuriy\.m2\repository\commons-beanutils\commons-beanutils\1.9.3\commons-beanutils-1.9.3.jar;C:\Users\yuriy\.m2\repository\commons-collections\commons-collections\3.2.2\commons-collections-3.2.2.jar;C:\Users\yuriy\.m2\repository\net\lingala\zip4j\zip4j\1.3.2\zip4j-1.3.2.jar;C:\Users\yuriy\.m2\repository\org\apache\commons\commons-exec\1.3\commons-exec-1.3.jar;C:\Users\yuriy\.m2\repository\org\apache\maven\plugin-tools\maven-plugin-annotations\3.2\maven-plugin-annotations-3.2.jar;C:\Users\yuriy\.m2\repository\org\apache\maven\plugins\maven-jxr-plugin\2.5\maven-jxr-plugin-2.5.jar;C:\Users\yuriy\.m2\repository\org\apache\velocity\velocity\1.5\velocity-1.5.jar;C:\Users\yuriy\.m2\repository\oro\oro\2.0.8\oro-2.0.8.jar;C:\Users\yuriy\.m2\repository\org\apache\maven\maven-jxr\2.5\maven-jxr-2.5.jar;C:\Users\yuriy\.m2\repository\org\apache\maven\wagon\wagon-provider-api\1.0\wagon-provider-api-1.0.jar;C:\Users\yuriy\.m2\repository\xml-apis\xml-apis\1.0.b2\xml-apis-1.0.b2.jar;C:\Users\yuriy\.m2\repository\xalan\xalan\2.7.0\xalan-2.7.0.jar;C:\Users\yuriy\.m2\repository\io\qameta\allure\allure-java-commons\2.13.8\allure-java-commons-2.13.8.jar;C:\Users\yuriy\.m2\repository\io\qameta\allure\allure-model\2.13.8\allure-model-2.13.8.jar;C:\Users\yuriy\.m2\repository\org\apache\tika\tika-core\1.24.1\tika-core-1.24.1.jar;C:\Users\yuriy\.m2\repository\org\jooq\joor-java-8\0.9.13\joor-java-8-0.9.13.jar;C:\Users\yuriy\.m2\repository\io\qameta\allure\allure-testng\2.13.8\allure-testng-2.13.8.jar;C:\Users\yuriy\.m2\repository\io\qameta\allure\allure-selenide\2.13.8\allure-selenide-2.13.8.jar;C:\Users\yuriy\.m2\repository\com\codeborne\selenide\5.16.0\selenide-5.16.0.jar;C:\Users\yuriy\.m2\repository\io\github\bonigarcia\webdrivermanager\4.2.2\webdrivermanager-4.2.2.jar;C:\Users\yuriy\.m2\repository\commons-io\commons-io\2.8.0\commons-io-2.8.0.jar;C:\Users\yuriy\.m2\repository\com\google\code\gson\gson\2.8.6\gson-2.8.6.jar;C:\Users\yuriy\.m2\repository\org\jsoup\jsoup\1.13.1\jsoup-1.13.1.jar;C:\Users\yuriy\.m2\repository\org\rauschig\jarchivelib\1.1.0\jarchivelib-1.1.0.jar;C:\Users\yuriy\.m2\repository\org\apache\commons\commons-compress\1.20\commons-compress-1.20.jar;C:\Users\yuriy\.m2\repository\org\apache\httpcomponents\client5\httpclient5\5.0.3\httpclient5-5.0.3.jar;C:\Users\yuriy\.m2\repository\org\apache\httpcomponents\core5\httpcore5\5.0.2\httpcore5-5.0.2.jar;C:\Users\yuriy\.m2\repository\com\google\guava\guava\30.0-jre\guava-30.0-jre.jar;C:\Users\yuriy\.m2\repository\com\google\guava\failureaccess\1.0.1\failureaccess-1.0.1.jar;C:\Users\yuriy\.m2\repository\com\google\guava\listenablefuture\9999.0-empty-to-avoid-conflict-with-guava\listenablefuture-9999.0-empty-to-avoid-conflict-with-guava.jar;C:\Users\yuriy\.m2\repository\com\google\code\findbugs\jsr305\3.0.2\jsr305-3.0.2.jar;C:\Users\yuriy\.m2\repository\org\checkerframework\checker-qual\3.5.0\checker-qual-3.5.0.jar;C:\Users\yuriy\.m2\repository\com\google\errorprone\error_prone_annotations\2.3.4\error_prone_annotations-2.3.4.jar;C:\Users\yuriy\.m2\repository\com\google\j2objc\j2objc-annotations\1.3\j2objc-annotations-1.3.jar;C:\Users\yuriy\.m2\repository\org\seleniumhq\selenium\selenium-java\3.141.59\selenium-java-3.141.59.jar;C:\Users\yuriy\.m2\repository\org\seleniumhq\selenium\selenium-api\3.141.59\selenium-api-3.141.59.jar;C:\Users\yuriy\.m2\repository\org\seleniumhq\selenium\selenium-chrome-driver\3.141.59\selenium-chrome-driver-3.141.59.jar;C:\Users\yuriy\.m2\repository\org\seleniumhq\selenium\selenium-edge-driver\3.141.59\selenium-edge-driver-3.141.59.jar;C:\Users\yuriy\.m2\repository\org\seleniumhq\selenium\selenium-firefox-driver\3.141.59\selenium-firefox-driver-3.141.59.jar;C:\Users\yuriy\.m2\repository\org\seleniumhq\selenium\selenium-ie-driver\3.141.59\selenium-ie-driver-3.141.59.jar;C:\Users\yuriy\.m2\repository\org\seleniumhq\selenium\selenium-opera-driver\3.141.59\selenium-opera-driver-3.141.59.jar;C:\Users\yuriy\.m2\repository\org\seleniumhq\selenium\selenium-remote-driver\3.141.59\selenium-remote-driver-3.141.59.jar;C:\Users\yuriy\.m2\repository\org\seleniumhq\selenium\selenium-safari-driver\3.141.59\selenium-safari-driver-3.141.59.jar;C:\Users\yuriy\.m2\repository\org\seleniumhq\selenium\selenium-support\3.141.59\selenium-support-3.141.59.jar;C:\Users\yuriy\.m2\repository\net\bytebuddy\byte-buddy\1.8.15\byte-buddy-1.8.15.jar;C:\Users\yuriy\.m2\repository\com\squareup\okhttp3\okhttp\3.11.0\okhttp-3.11.0.jar;C:\Users\yuriy\.m2\repository\com\squareup\okio\okio\1.14.0\okio-1.14.0.jar;C:\Users\yuriy\.m2\repository\org\testng\testng\7.1.0\testng-7.1.0.jar;C:\Users\yuriy\.m2\repository\com\beust\jcommander\1.72\jcommander-1.72.jar;C:\Users\yuriy\.m2\repository\com\google\inject\guice\4.1.0\guice-4.1.0-no_aop.jar;C:\Users\yuriy\.m2\repository\javax\inject\javax.inject\1\javax.inject-1.jar;C:\Users\yuriy\.m2\repository\aopalliance\aopalliance\1.0\aopalliance-1.0.jar;C:\Users\yuriy\.m2\repository\org\yaml\snakeyaml\1.21\snakeyaml-1.21.jar;C:\Users\yuriy\.m2\repository\org\apache\logging\log4j\log4j-api\2.14.0\log4j-api-2.14.0.jar;C:\Users\yuriy\.m2\repository\org\apache\logging\log4j\log4j-core\2.14.0\log4j-core-2.14.0.jar;C:\Users\yuriy\.m2\repository\org\slf4j\slf4j-jdk14\2.0.0-alpha1\slf4j-jdk14-2.0.0-alpha1.jar;C:\Users\yuriy\.m2\repository\org\slf4j\slf4j-api\2.0.0-alpha1\slf4j-api-2.0.0-alpha1.jar;C:\Users\yuriy\.m2\repository\org\slf4j\slf4j-simple\2.0.0-alpha1\slf4j-simple-2.0.0-alpha1.jar;C:\Users\yuriy\.m2\repository\com\thoughtworks\xstream\xstream\1.4.11.1\xstream-1.4.11.1.jar;C:\Users\yuriy\.m2\repository\xmlpull\xmlpull\1.1.3.1\xmlpull-1.1.3.1.jar;C:\Users\yuriy\.m2\repository\xpp3\xpp3_min\1.1.4c\xpp3_min-1.1.4c.jar;C:\Users\yuriy\.m2\repository\org\jetbrains\annotations\17.0.0\annotations-17.0.0.jar;C:\Users\yuriy\.m2\repository\org\apache\maven\plugins\maven-surefire-plugin\2.22.2\maven-surefire-plugin-2.22.2.jar;C:\Users\yuriy\.m2\repository\org\apache\maven\surefire\maven-surefire-common\2.22.2\maven-surefire-common-2.22.2.jar;C:\Users\yuriy\.m2\repository\org\apache\maven\maven-plugin-descriptor\2.2.1\maven-plugin-descriptor-2.2.1.jar;C:\Users\yuriy\.m2\repository\org\apache\maven\maven-toolchain\2.2.1\maven-toolchain-2.2.1.jar;C:\Users\yuriy\.m2\repository\org\codehaus\plexus\plexus-java\0.9.10\plexus-java-0.9.10.jar;C:\Users\yuriy\.m2\repository\org\ow2\asm\asm\6.2\asm-6.2.jar;C:\Users\yuriy\.m2\repository\com\thoughtworks\qdox\qdox\2.0-M8\qdox-2.0-M8.jar;C:\Users\yuriy\.m2\repository\org\apache\commons\commons-lang3\3.11\commons-lang3-3.11.jar;C:\Users\yuriy\.m2\repository\org\apache\maven\surefire\surefire-testng\2.22.2\surefire-testng-2.22.2.jar;C:\Users\yuriy\.m2\repository\org\apache\maven\surefire\common-java5\2.22.2\common-java5-2.22.2.jar;C:\Users\yuriy\.m2\repository\org\apache\maven\surefire\surefire-testng-utils\2.22.2\surefire-testng-utils-2.22.2.jar;C:\Users\yuriy\.m2\repository\org\apache\maven\surefire\surefire-grouper\2.22.2\surefire-grouper-2.22.2.jar;C:\Users\yuriy\.m2\repository/org/aspectj/aspectjweaver/1.9.6/aspectjweaver-1.9.6.jar"/>
    <property name="java.vm.vendor" value="Oracle Corporation"/>
    <property name="sun.arch.data.model" value="64"/>
    <property name="user.variant" value=""/>
    <property name="messages.cfg" value="C:\Users\yuriy\IdeaProjects\MobyMaxApplication/src/main/resources/messages.properties"/>
    <property name="java.vendor.url" value="http://java.oracle.com/"/>
    <property name="user.timezone" value="Europe/Helsinki"/>
    <property name="environment.path" value="C:\Users\yuriy\IdeaProjects\MobyMaxApplication\target\allure-results\environment.properties"/>
    <property name="java.vm.specification.version" value="1.8"/>
    <property name="os.name" value="Windows 10"/>
    <property name="user.country" value="US"/>
    <property name="sun.java.launcher" value="SUN_STANDARD"/>
    <property name="sun.boot.library.path" value="C:\Program Files\Java\jdk1.8.0_221\jre\bin"/>
    <property name="sun.java.command" value="org.apache.maven.surefire.booter.ForkedBooter C:\Users\yuriy\AppData\Local\Temp\surefire1952560742190992441 2021-02-28T14-07-51_655-jvmRun1 surefire7413731952340165607tmp surefire_07787314447800201914tmp"/>
    <property name="surefire.test.class.path" value="C:\Users\yuriy\IdeaProjects\MobyMaxApplication\target\test-classes;C:\Users\yuriy\IdeaProjects\MobyMaxApplication\target\classes;C:\Users\yuriy\.m2\repository\org\aspectj\aspectjweaver\1.9.6\aspectjweaver-1.9.6.jar;C:\Users\yuriy\.m2\repository\io\qameta\allure\allure-maven\2.10.0\allure-maven-2.10.0.jar;C:\Users\yuriy\.m2\repository\org\apache\httpcomponents\httpclient\4.5.3\httpclient-4.5.3.jar;C:\Users\yuriy\.m2\repository\org\apache\httpcomponents\httpcore\4.4.6\httpcore-4.4.6.jar;C:\Users\yuriy\.m2\repository\commons-logging\commons-logging\1.2\commons-logging-1.2.jar;C:\Users\yuriy\.m2\repository\commons-codec\commons-codec\1.9\commons-codec-1.9.jar;C:\Users\yuriy\.m2\repository\com\fasterxml\jackson\core\jackson-databind\2.9.7\jackson-databind-2.9.7.jar;C:\Users\yuriy\.m2\repository\com\fasterxml\jackson\core\jackson-annotations\2.9.0\jackson-annotations-2.9.0.jar;C:\Users\yuriy\.m2\repository\com\fasterxml\jackson\core\jackson-core\2.9.7\jackson-core-2.9.7.jar;C:\Users\yuriy\.m2\repository\org\apache\maven\maven-core\3.3.9\maven-core-3.3.9.jar;C:\Users\yuriy\.m2\repository\org\apache\maven\maven-model\3.3.9\maven-model-3.3.9.jar;C:\Users\yuriy\.m2\repository\org\apache\maven\maven-settings\3.3.9\maven-settings-3.3.9.jar;C:\Users\yuriy\.m2\repository\org\apache\maven\maven-settings-builder\3.3.9\maven-settings-builder-3.3.9.jar;C:\Users\yuriy\.m2\repository\org\apache\maven\maven-builder-support\3.3.9\maven-builder-support-3.3.9.jar;C:\Users\yuriy\.m2\repository\org\apache\maven\maven-repository-metadata\3.3.9\maven-repository-metadata-3.3.9.jar;C:\Users\yuriy\.m2\repository\org\apache\maven\maven-artifact\3.3.9\maven-artifact-3.3.9.jar;C:\Users\yuriy\.m2\repository\org\apache\maven\maven-plugin-api\3.3.9\maven-plugin-api-3.3.9.jar;C:\Users\yuriy\.m2\repository\org\apache\maven\maven-model-builder\3.3.9\maven-model-builder-3.3.9.jar;C:\Users\yuriy\.m2\repository\org\apache\maven\maven-aether-provider\3.3.9\maven-aether-provider-3.3.9.jar;C:\Users\yuriy\.m2\repository\org\eclipse\aether\aether-spi\1.0.2.v20150114\aether-spi-1.0.2.v20150114.jar;C:\Users\yuriy\.m2\repository\org\eclipse\aether\aether-impl\1.0.2.v20150114\aether-impl-1.0.2.v20150114.jar;C:\Users\yuriy\.m2\repository\org\eclipse\aether\aether-api\1.0.2.v20150114\aether-api-1.0.2.v20150114.jar;C:\Users\yuriy\.m2\repository\org\eclipse\aether\aether-util\1.0.2.v20150114\aether-util-1.0.2.v20150114.jar;C:\Users\yuriy\.m2\repository\org\eclipse\sisu\org.eclipse.sisu.plexus\0.3.2\org.eclipse.sisu.plexus-0.3.2.jar;C:\Users\yuriy\.m2\repository\javax\enterprise\cdi-api\1.0\cdi-api-1.0.jar;C:\Users\yuriy\.m2\repository\javax\annotation\jsr250-api\1.0\jsr250-api-1.0.jar;C:\Users\yuriy\.m2\repository\org\eclipse\sisu\org.eclipse.sisu.inject\0.3.2\org.eclipse.sisu.inject-0.3.2.jar;C:\Users\yuriy\.m2\repository\org\codehaus\plexus\plexus-interpolation\1.21\plexus-interpolation-1.21.jar;C:\Users\yuriy\.m2\repository\org\codehaus\plexus\plexus-utils\3.0.22\plexus-utils-3.0.22.jar;C:\Users\yuriy\.m2\repository\org\codehaus\plexus\plexus-classworlds\2.5.2\plexus-classworlds-2.5.2.jar;C:\Users\yuriy\.m2\repository\org\codehaus\plexus\plexus-component-annotations\1.6\plexus-component-annotations-1.6.jar;C:\Users\yuriy\.m2\repository\org\sonatype\plexus\plexus-sec-dispatcher\1.3\plexus-sec-dispatcher-1.3.jar;C:\Users\yuriy\.m2\repository\org\sonatype\plexus\plexus-cipher\1.4\plexus-cipher-1.4.jar;C:\Users\yuriy\.m2\repository\org\apache\maven\reporting\maven-reporting-impl\2.4\maven-reporting-impl-2.4.jar;C:\Users\yuriy\.m2\repository\org\apache\maven\reporting\maven-reporting-api\3.0\maven-reporting-api-3.0.jar;C:\Users\yuriy\.m2\repository\org\apache\maven\maven-project\2.2.1\maven-project-2.2.1.jar;C:\Users\yuriy\.m2\repository\org\apache\maven\maven-profile\2.2.1\maven-profile-2.2.1.jar;C:\Users\yuriy\.m2\repository\org\apache\maven\maven-artifact-manager\2.2.1\maven-artifact-manager-2.2.1.jar;C:\Users\yuriy\.m2\repository\backport-util-concurrent\backport-util-concurrent\3.1\backport-util-concurrent-3.1.jar;C:\Users\yuriy\.m2\repository\org\apache\maven\maven-plugin-registry\2.2.1\maven-plugin-registry-2.2.1.jar;C:\Users\yuriy\.m2\repository\org\codehaus\plexus\plexus-container-default\1.0-alpha-9-stable-1\plexus-container-default-1.0-alpha-9-stable-1.jar;C:\Users\yuriy\.m2\repository\junit\junit\3.8.1\junit-3.8.1.jar;C:\Users\yuriy\.m2\repository\classworlds\classworlds\1.1-alpha-2\classworlds-1.1-alpha-2.jar;C:\Users\yuriy\.m2\repository\org\apache\maven\shared\maven-shared-utils\0.6\maven-shared-utils-0.6.jar;C:\Users\yuriy\.m2\repository\org\apache\maven\doxia\doxia-sink-api\1.6\doxia-sink-api-1.6.jar;C:\Users\yuriy\.m2\repository\org\apache\maven\doxia\doxia-logging-api\1.6\doxia-logging-api-1.6.jar;C:\Users\yuriy\.m2\repository\org\apache\maven\doxia\doxia-core\1.6\doxia-core-1.6.jar;C:\Users\yuriy\.m2\repository\xerces\xercesImpl\2.9.1\xercesImpl-2.9.1.jar;C:\Users\yuriy\.m2\repository\commons-lang\commons-lang\2.4\commons-lang-2.4.jar;C:\Users\yuriy\.m2\repository\xmlunit\xmlunit\1.5\xmlunit-1.5.jar;C:\Users\yuriy\.m2\repository\org\apache\maven\doxia\doxia-site-renderer\1.6\doxia-site-renderer-1.6.jar;C:\Users\yuriy\.m2\repository\org\apache\maven\doxia\doxia-decoration-model\1.6\doxia-decoration-model-1.6.jar;C:\Users\yuriy\.m2\repository\org\apache\maven\doxia\doxia-module-xhtml\1.6\doxia-module-xhtml-1.6.jar;C:\Users\yuriy\.m2\repository\org\apache\maven\doxia\doxia-module-fml\1.6\doxia-module-fml-1.6.jar;C:\Users\yuriy\.m2\repository\org\codehaus\plexus\plexus-i18n\1.0-beta-7\plexus-i18n-1.0-beta-7.jar;C:\Users\yuriy\.m2\repository\org\codehaus\plexus\plexus-velocity\1.1.7\plexus-velocity-1.1.7.jar;C:\Users\yuriy\.m2\repository\org\apache\velocity\velocity-tools\2.0\velocity-tools-2.0.jar;C:\Users\yuriy\.m2\repository\commons-chain\commons-chain\1.1\commons-chain-1.1.jar;C:\Users\yuriy\.m2\repository\dom4j\dom4j\1.1\dom4j-1.1.jar;C:\Users\yuriy\.m2\repository\sslext\sslext\1.2-0\sslext-1.2-0.jar;C:\Users\yuriy\.m2\repository\org\apache\struts\struts-core\1.3.8\struts-core-1.3.8.jar;C:\Users\yuriy\.m2\repository\antlr\antlr\2.7.2\antlr-2.7.2.jar;C:\Users\yuriy\.m2\repository\org\apache\struts\struts-taglib\1.3.8\struts-taglib-1.3.8.jar;C:\Users\yuriy\.m2\repository\org\apache\struts\struts-tiles\1.3.8\struts-tiles-1.3.8.jar;C:\Users\yuriy\.m2\repository\commons-validator\commons-validator\1.4.1\commons-validator-1.4.1.jar;C:\Users\yuriy\.m2\repository\commons-digester\commons-digester\1.8.1\commons-digester-1.8.1.jar;C:\Users\yuriy\.m2\repository\commons-beanutils\commons-beanutils\1.9.3\commons-beanutils-1.9.3.jar;C:\Users\yuriy\.m2\repository\commons-collections\commons-collections\3.2.2\commons-collections-3.2.2.jar;C:\Users\yuriy\.m2\repository\net\lingala\zip4j\zip4j\1.3.2\zip4j-1.3.2.jar;C:\Users\yuriy\.m2\repository\org\apache\commons\commons-exec\1.3\commons-exec-1.3.jar;C:\Users\yuriy\.m2\repository\org\apache\maven\plugin-tools\maven-plugin-annotations\3.2\maven-plugin-annotations-3.2.jar;C:\Users\yuriy\.m2\repository\org\apache\maven\plugins\maven-jxr-plugin\2.5\maven-jxr-plugin-2.5.jar;C:\Users\yuriy\.m2\repository\org\apache\velocity\velocity\1.5\velocity-1.5.jar;C:\Users\yuriy\.m2\repository\oro\oro\2.0.8\oro-2.0.8.jar;C:\Users\yuriy\.m2\repository\org\apache\maven\maven-jxr\2.5\maven-jxr-2.5.jar;C:\Users\yuriy\.m2\repository\org\apache\maven\wagon\wagon-provider-api\1.0\wagon-provider-api-1.0.jar;C:\Users\yuriy\.m2\repository\xml-apis\xml-apis\1.0.b2\xml-apis-1.0.b2.jar;C:\Users\yuriy\.m2\repository\xalan\xalan\2.7.0\xalan-2.7.0.jar;C:\Users\yuriy\.m2\repository\io\qameta\allure\allure-java-commons\2.13.8\allure-java-commons-2.13.8.jar;C:\Users\yuriy\.m2\repository\io\qameta\allure\allure-model\2.13.8\allure-model-2.13.8.jar;C:\Users\yuriy\.m2\repository\org\apache\tika\tika-core\1.24.1\tika-core-1.24.1.jar;C:\Users\yuriy\.m2\repository\org\jooq\joor-java-8\0.9.13\joor-java-8-0.9.13.jar;C:\Users\yuriy\.m2\repository\io\qameta\allure\allure-testng\2.13.8\allure-testng-2.13.8.jar;C:\Users\yuriy\.m2\repository\io\qameta\allure\allure-selenide\2.13.8\allure-selenide-2.13.8.jar;C:\Users\yuriy\.m2\repository\com\codeborne\selenide\5.16.0\selenide-5.16.0.jar;C:\Users\yuriy\.m2\repository\io\github\bonigarcia\webdrivermanager\4.2.2\webdrivermanager-4.2.2.jar;C:\Users\yuriy\.m2\repository\commons-io\commons-io\2.8.0\commons-io-2.8.0.jar;C:\Users\yuriy\.m2\repository\com\google\code\gson\gson\2.8.6\gson-2.8.6.jar;C:\Users\yuriy\.m2\repository\org\jsoup\jsoup\1.13.1\jsoup-1.13.1.jar;C:\Users\yuriy\.m2\repository\org\rauschig\jarchivelib\1.1.0\jarchivelib-1.1.0.jar;C:\Users\yuriy\.m2\repository\org\apache\commons\commons-compress\1.20\commons-compress-1.20.jar;C:\Users\yuriy\.m2\repository\org\apache\httpcomponents\client5\httpclient5\5.0.3\httpclient5-5.0.3.jar;C:\Users\yuriy\.m2\repository\org\apache\httpcomponents\core5\httpcore5\5.0.2\httpcore5-5.0.2.jar;C:\Users\yuriy\.m2\repository\com\google\guava\guava\30.0-jre\guava-30.0-jre.jar;C:\Users\yuriy\.m2\repository\com\google\guava\failureaccess\1.0.1\failureaccess-1.0.1.jar;C:\Users\yuriy\.m2\repository\com\google\guava\listenablefuture\9999.0-empty-to-avoid-conflict-with-guava\listenablefuture-9999.0-empty-to-avoid-conflict-with-guava.jar;C:\Users\yuriy\.m2\repository\com\google\code\findbugs\jsr305\3.0.2\jsr305-3.0.2.jar;C:\Users\yuriy\.m2\repository\org\checkerframework\checker-qual\3.5.0\checker-qual-3.5.0.jar;C:\Users\yuriy\.m2\repository\com\google\errorprone\error_prone_annotations\2.3.4\error_prone_annotations-2.3.4.jar;C:\Users\yuriy\.m2\repository\com\google\j2objc\j2objc-annotations\1.3\j2objc-annotations-1.3.jar;C:\Users\yuriy\.m2\repository\org\seleniumhq\selenium\selenium-java\3.141.59\selenium-java-3.141.59.jar;C:\Users\yuriy\.m2\repository\org\seleniumhq\selenium\selenium-api\3.141.59\selenium-api-3.141.59.jar;C:\Users\yuriy\.m2\repository\org\seleniumhq\selenium\selenium-chrome-driver\3.141.59\selenium-chrome-driver-3.141.59.jar;C:\Users\yuriy\.m2\repository\org\seleniumhq\selenium\selenium-edge-driver\3.141.59\selenium-edge-driver-3.141.59.jar;C:\Users\yuriy\.m2\repository\org\seleniumhq\selenium\selenium-firefox-driver\3.141.59\selenium-firefox-driver-3.141.59.jar;C:\Users\yuriy\.m2\repository\org\seleniumhq\selenium\selenium-ie-driver\3.141.59\selenium-ie-driver-3.141.59.jar;C:\Users\yuriy\.m2\repository\org\seleniumhq\selenium\selenium-opera-driver\3.141.59\selenium-opera-driver-3.141.59.jar;C:\Users\yuriy\.m2\repository\org\seleniumhq\selenium\selenium-remote-driver\3.141.59\selenium-remote-driver-3.141.59.jar;C:\Users\yuriy\.m2\repository\org\seleniumhq\selenium\selenium-safari-driver\3.141.59\selenium-safari-driver-3.141.59.jar;C:\Users\yuriy\.m2\repository\org\seleniumhq\selenium\selenium-support\3.141.59\selenium-support-3.141.59.jar;C:\Users\yuriy\.m2\repository\net\bytebuddy\byte-buddy\1.8.15\byte-buddy-1.8.15.jar;C:\Users\yuriy\.m2\repository\com\squareup\okhttp3\okhttp\3.11.0\okhttp-3.11.0.jar;C:\Users\yuriy\.m2\repository\com\squareup\okio\okio\1.14.0\okio-1.14.0.jar;C:\Users\yuriy\.m2\repository\org\testng\testng\7.1.0\testng-7.1.0.jar;C:\Users\yuriy\.m2\repository\com\beust\jcommander\1.72\jcommander-1.72.jar;C:\Users\yuriy\.m2\repository\com\google\inject\guice\4.1.0\guice-4.1.0-no_aop.jar;C:\Users\yuriy\.m2\repository\javax\inject\javax.inject\1\javax.inject-1.jar;C:\Users\yuriy\.m2\repository\aopalliance\aopalliance\1.0\aopalliance-1.0.jar;C:\Users\yuriy\.m2\repository\org\yaml\snakeyaml\1.21\snakeyaml-1.21.jar;C:\Users\yuriy\.m2\repository\org\apache\logging\log4j\log4j-api\2.14.0\log4j-api-2.14.0.jar;C:\Users\yuriy\.m2\repository\org\apache\logging\log4j\log4j-core\2.14.0\log4j-core-2.14.0.jar;C:\Users\yuriy\.m2\repository\org\slf4j\slf4j-jdk14\2.0.0-alpha1\slf4j-jdk14-2.0.0-alpha1.jar;C:\Users\yuriy\.m2\repository\org\slf4j\slf4j-api\2.0.0-alpha1\slf4j-api-2.0.0-alpha1.jar;C:\Users\yuriy\.m2\repository\org\slf4j\slf4j-simple\2.0.0-alpha1\slf4j-simple-2.0.0-alpha1.jar;C:\Users\yuriy\.m2\repository\com\thoughtworks\xstream\xstream\1.4.11.1\xstream-1.4.11.1.jar;C:\Users\yuriy\.m2\repository\xmlpull\xmlpull\1.1.3.1\xmlpull-1.1.3.1.jar;C:\Users\yuriy\.m2\repository\xpp3\xpp3_min\1.1.4c\xpp3_min-1.1.4c.jar;C:\Users\yuriy\.m2\repository\org\jetbrains\annotations\17.0.0\annotations-17.0.0.jar;C:\Users\yuriy\.m2\repository\org\apache\maven\plugins\maven-surefire-plugin\2.22.2\maven-surefire-plugin-2.22.2.jar;C:\Users\yuriy\.m2\repository\org\apache\maven\surefire\maven-surefire-common\2.22.2\maven-surefire-common-2.22.2.jar;C:\Users\yuriy\.m2\repository\org\apache\maven\surefire\surefire-api\2.22.2\surefire-api-2.22.2.jar;C:\Users\yuriy\.m2\repository\org\apache\maven\surefire\surefire-logger-api\2.22.2\surefire-logger-api-2.22.2.jar;C:\Users\yuriy\.m2\repository\org\apache\maven\surefire\surefire-booter\2.22.2\surefire-booter-2.22.2.jar;C:\Users\yuriy\.m2\repository\org\apache\maven\maven-plugin-descriptor\2.2.1\maven-plugin-descriptor-2.2.1.jar;C:\Users\yuriy\.m2\repository\org\apache\maven\maven-toolchain\2.2.1\maven-toolchain-2.2.1.jar;C:\Users\yuriy\.m2\repository\org\codehaus\plexus\plexus-java\0.9.10\plexus-java-0.9.10.jar;C:\Users\yuriy\.m2\repository\org\ow2\asm\asm\6.2\asm-6.2.jar;C:\Users\yuriy\.m2\repository\com\thoughtworks\qdox\qdox\2.0-M8\qdox-2.0-M8.jar;C:\Users\yuriy\.m2\repository\org\apache\commons\commons-lang3\3.11\commons-lang3-3.11.jar;"/>
    <property name="sun.cpu.endian" value="little"/>
    <property name="user.home" value="C:\Users\yuriy"/>
    <property name="user.language" value="en"/>
    <property name="java.specification.vendor" value="Oracle Corporation"/>
    <property name="java.home" value="C:\Program Files\Java\jdk1.8.0_221\jre"/>
    <property name="basedir" value="C:\Users\yuriy\IdeaProjects\MobyMaxApplication"/>
    <property name="file.separator" value="\"/>
    <property name="line.separator" value="&#10;"/>
    <property name="java.vm.specification.vendor" value="Oracle Corporation"/>
    <property name="java.specification.name" value="Java Platform API Specification"/>
    <property name="java.awt.graphicsenv" value="sun.awt.Win32GraphicsEnvironment"/>
    <property name="sun.boot.class.path" value="C:\Program Files\Java\jdk1.8.0_221\jre\lib\resources.jar;C:\Program Files\Java\jdk1.8.0_221\jre\lib\rt.jar;C:\Program Files\Java\jdk1.8.0_221\jre\lib\sunrsasign.jar;C:\Program Files\Java\jdk1.8.0_221\jre\lib\jsse.jar;C:\Program Files\Java\jdk1.8.0_221\jre\lib\jce.jar;C:\Program Files\Java\jdk1.8.0_221\jre\lib\charsets.jar;C:\Program Files\Java\jdk1.8.0_221\jre\lib\jfr.jar;C:\Program Files\Java\jdk1.8.0_221\jre\classes"/>
    <property name="user.script" value=""/>
    <property name="allure.test-results.dir" value="C:\Users\yuriy\IdeaProjects\MobyMaxApplication/target/allure-results"/>
    <property name="sun.management.compiler" value="HotSpot 64-Bit Tiered Compilers"/>
    <property name="java.runtime.version" value="1.8.0_221-b11"/>
    <property name="user.name" value="yuriy"/>
    <property name="path.separator" value=";"/>
    <property name="timeout" value="20000"/>
    <property name="os.version" value="10.0"/>
    <property name="java.endorsed.dirs" value="C:\Program Files\Java\jdk1.8.0_221\jre\lib\endorsed"/>
    <property name="java.runtime.name" value="Java(TM) SE Runtime Environment"/>
    <property name="file.encoding" value="Cp1252"/>
    <property name="browser" value="edge"/>
    <property name="java.vm.name" value="Java HotSpot(TM) 64-Bit Server VM"/>
    <property name="localRepository" value="C:\Users\yuriy\.m2\repository"/>
    <property name="java.vendor.url.bug" value="http://bugreport.sun.com/bugreport/"/>
    <property name="java.io.tmpdir" value="C:\Users\yuriy\AppData\Local\Temp\"/>
    <property name="java.version" value="1.8.0_221"/>
    <property name="user.dir" value="C:\Users\yuriy\IdeaProjects\MobyMaxApplication"/>
    <property name="os.arch" value="amd64"/>
    <property name="common.cfg" value="C:\Users\yuriy\IdeaProjects\MobyMaxApplication/src/main/resources/common.properties"/>
    <property name="java.vm.specification.name" value="Java Virtual Machine Specification"/>
    <property name="java.awt.printerjob" value="sun.awt.windows.WPrinterJob"/>
    <property name="sun.os.patch.level" value=""/>
    <property name="aqa.teacher.cfg" value="C:\Users\yuriy\IdeaProjects\MobyMaxApplication/src/main/resources/aqateacher.properties"/>
    <property name="java.library.path" value="C:\Program Files\Java\jdk1.8.0_221\jre\bin;C:\WINDOWS\Sun\Java\bin;C:\WINDOWS\system32;C:\WINDOWS;C:\Program Files\Python39\Scripts\;C:\Program Files\Python39\;C:\Program Files (x86)\Microsoft SDKs\Azure\CLI2\wbin;C:\Program Files\Java\jdk1.8.0_221\bin;C:\Program Files (x86)\Common Files\Oracle\Java\javapath;C:\Windows\system32;C:\Windows;C:\Windows\System32\Wbem;C:\Windows\System32\WindowsPowerShell\v1.0\;C:\Windows\System32\OpenSSH\;C:\Program Files (x86)\NVIDIA Corporation\PhysX\Common;C:\Program Files\NVIDIA Corporation\NVIDIA NvDLISR;C:\Program Files (x86)\Microsoft SQL Server\150\DTS\Binn\;C:\Program Files\Microsoft SQL Server\Client SDK\ODBC\130\Tools\Binn\;C:\Program Files (x86)\Microsoft SQL Server\140\Tools\Binn\;C:\Program Files\Microsoft SQL Server\140\Tools\Binn\;C:\Program Files\Microsoft SQL Server\140\DTS\Binn\;C:\Program Files (x86)\Microsoft SQL Server\140\DTS\Binn\;C:\Program Files\Git\cmd;C:\Program Files (x86)\Intel\Intel(R) Management Engine Components\DAL;C:\Program Files\Intel\Intel(R) Management Engine Components\DAL;C:\Program Files (x86)\PICT\;C:\Program Files\apache-maven-3.6.2\bin;C:\Program Files\Java\jdk1.8.0_221;C:\Program Files (x86)\AOMEI Backupper;C:\tools;;C:\WINDOWS\system32;C:\WINDOWS;C:\WINDOWS\System32\Wbem;C:\WINDOWS\System32\WindowsPowerShell\v1.0\;C:\WINDOWS\System32\OpenSSH\;C:\Program Files\Docker\Docker\resources\bin;C:\ProgramData\DockerDesktop\version-bin;C:\Program Files\nodejs\;C:\Users\yuriy\scoop\shims;C:\Users\yuriy\AppData\Local\Microsoft\WindowsApps;;C:\Users\yuriy\AppData\Local\Microsoft\WindowsApps;C:\Users\yuriy\AppData\Roaming\npm;."/>
    <property name="suite" value="common"/>
    <property name="java.vm.info" value="mixed mode"/>
    <property name="java.vendor" value="Oracle Corporation"/>
    <property name="java.vm.version" value="25.221-b11"/>
    <property name="java.ext.dirs" value="C:\Program Files\Java\jdk1.8.0_221\jre\lib\ext;C:\WINDOWS\Sun\Java\lib\ext"/>
    <property name="sun.io.unicode.encoding" value="UnicodeLittle"/>
    <property name="java.class.version" value="52.0"/>
  </properties>
  <testcase name="test01teacherRegister" classname="app.tests.teacher.RegisterTests" time="35.283"/>
  <testcase name="test02teacherRegister" classname="app.tests.teacher.RegisterTests" time="29.372"/>
  <testcase name="test03teacherRegister" classname="app.tests.teacher.RegisterTests" time="24.195"/>
  <testcase name="test04teacherRegister" classname="app.tests.teacher.RegisterTests" time="22.371"/>
  <testcase name="test05teacherRegister" classname="app.tests.teacher.RegisterTests" time="16.914"/>
  <testcase name="test06teacherRegister" classname="app.tests.teacher.RegisterTests" time="25.515"/>
  <testcase name="test07teacherRegister" classname="app.tests.teacher.RegisterTests" time="25.183"/>
  <testcase name="test08teacherRegister" classname="app.tests.teacher.RegisterTests" time="16.936"/>
  <testcase name="test09teacherRegister" classname="app.tests.teacher.RegisterTests" time="21.334"/>
  <testcase name="test10teacherRegister" classname="app.tests.teacher.RegisterTests" time="31.933">
    <failure message="Element not found {By.xpath: .//div[@class=&apos;bt-content&apos;]}&#10;Expected: exist&#10;Screenshot: file:/C:/Users/yuriy/IdeaProjects/MobyMaxApplication/build/reports/tests/1614514337242.0.png&#10;Timeout: 10 s.&#10;Caused by: NoSuchElementException: no such element: Unable to locate element: {&quot;method&quot;:&quot;xpath&quot;,&quot;selector&quot;:&quot;.//div[@class=&apos;bt-content&apos;]&quot;}" type="com.codeborne.selenide.ex.ElementNotFound">com.codeborne.selenide.ex.ElementNotFound: 
Element not found {By.xpath: .//div[@class='bt-content']}
Expected: exist
Screenshot: file:/C:/Users/yuriy/IdeaProjects/MobyMaxApplication/build/reports/tests/1614514337242.0.png
Timeout: 10 s.
Caused by: NoSuchElementException: no such element: Unable to locate element: {"method":"xpath","selector":".//div[@class='bt-content']"}
	at app.tests.teacher.RegisterTests.test10teacherRegister(RegisterTests.java:169)
Caused by: org.openqa.selenium.NoSuchElementException: 
no such element: Unable to locate element: {"method":"xpath","selector":".//div[@class='bt-content']"}
  (Session info: MicrosoftEdge=88.0.705.81)
For documentation on this error, please visit: https://www.seleniumhq.org/exceptions/no_such_element.html
Build info: version: '3.141.59', revision: 'e82be7d358', time: '2018-11-14T08:17:03'
System info: host: 'DESKTOP-VMP5GT0', ip: '192.168.1.53', os.name: 'Windows 10', os.arch: 'amd64', os.version: '10.0', java.version: '1.8.0_221'
Driver info: org.openqa.selenium.edge.EdgeDriver
Capabilities {acceptInsecureCerts: true, browserName: msedge, browserVersion: 88.0.705.81, javascriptEnabled: true, ms:edgeOptions: {debuggerAddress: localhost:49511}, msedge: {msedgedriverVersion: 88.0.705.81 (324d415ccf2f0d..., userDataDir: C:\Users\yuriy\AppData\Loca...}, networkConnectionEnabled: false, pageLoadStrategy: normal, platform: WINDOWS, platformName: WINDOWS, proxy: Proxy(), setWindowRect: true, strictFileInteractability: false, timeouts: {implicit: 0, pageLoad: 300000, script: 30000}, unhandledPromptBehavior: dismiss and notify, webauthn:extension:largeBlob: true, webauthn:virtualAuthenticators: true}
Session ID: cffa6f10a4a5f8fbd39534f9977e383a
*** Element info: {Using=xpath, value=.//div[@class='bt-content']}
	at app.tests.teacher.RegisterTests.test10teacherRegister(RegisterTests.java:169)
</failure>
    <system-out><![CDATA[[INFO ] 2021-02-28 14:11:54.610 [main] BaseTestGui:43-
********************************************************************************************************
Auto-test : `test09teacherRegister`, Duration:`21` sec; Test Status:`PASSED` (path:`app.tests.teacher.RegisterTests`).
********************************************************************************************************.
[INFO ] 2021-02-28 14:11:54.611 [main] BaseTestGui:42-Auto-Test_Result: PASSED!!!!!! 
[INFO ] 2021-02-28 14:11:54.611 [main] BaseTestGui:42-afterTest  method completed: 
[INFO ] 2021-02-28 14:11:54.613 [main] BaseTestGui:42-Started test:`test10teacherRegister`.
[INFO ] 2021-02-28 14:11:54.615 [main] BaseTestGui:42-preTest 
[INFO ] 2021-02-28 14:11:54.631 [main] BaseTestGui:48-`STARTED AUTO-TEST.`-page screenshot attached to report.
[INFO ] 2021-02-28 14:11:56.909 [main] BaseTestGui:42-STARTED AUTO-TEST.
[INFO ] 2021-02-28 14:11:56.975 [main] BaseTestGui:48-`Set First Name to auto-teacher_FirstName_504429809`-page screenshot attached to report.
[INFO ] 2021-02-28 14:11:57.834 [main] BaseTestGui:42-Set First Name to auto-teacher_FirstName_504429809
[INFO ] 2021-02-28 14:11:57.877 [main] BaseTestGui:48-`Set Last Name to auto-teacher_LastName_504429809`-page screenshot attached to report.
[INFO ] 2021-02-28 14:11:58.748 [main] BaseTestGui:42-Set Last Name to auto-teacher_LastName_504429809
[INFO ] 2021-02-28 14:12:00.053 [main] BaseTestGui:48-`selectSchool `-page screenshot attached to report.
[INFO ] 2021-02-28 14:12:04.646 [main] BaseTestGui:42-selectSchool 
[INFO ] 2021-02-28 14:12:04.685 [main] BaseTestGui:48-`Set Email Address to 504429809@504429809.504429809`-page screenshot attached to report.
[INFO ] 2021-02-28 14:12:05.555 [main] BaseTestGui:42-Set Email Address to 504429809@504429809.504429809
[INFO ] 2021-02-28 14:12:05.603 [main] BaseTestGui:48-`Set Create a Password to 504429809`-page screenshot attached to report.
[INFO ] 2021-02-28 14:12:06.476 [main] BaseTestGui:42-Set Create a Password to 504429809
[INFO ] 2021-02-28 14:12:06.561 [main] BaseTestGui:48-`register `-page screenshot attached to report.
[INFO ] 2021-02-28 14:12:07.075 [main] BaseTestGui:42-register 
]]></system-out>
    <system-err><![CDATA[Feb 28, 2021 2:11:54 PM io.qameta.allure.util.NamingUtils processPattern
SEVERE: Could not find parameter 1
]]></system-err>
  </testcase>
  <testcase name="test11teacherRegister" classname="app.tests.teacher.RegisterTests" time="32.238">
    <failure message="Element not found {By.xpath: .//div[@class=&apos;bt-content&apos;]}&#10;Expected: exist&#10;Screenshot: file:/C:/Users/yuriy/IdeaProjects/MobyMaxApplication/build/reports/tests/1614514376035.1.png&#10;Timeout: 10 s.&#10;Caused by: NoSuchElementException: no such element: Unable to locate element: {&quot;method&quot;:&quot;xpath&quot;,&quot;selector&quot;:&quot;.//div[@class=&apos;bt-content&apos;]&quot;}" type="com.codeborne.selenide.ex.ElementNotFound">com.codeborne.selenide.ex.ElementNotFound: 
Element not found {By.xpath: .//div[@class='bt-content']}
Expected: exist
Screenshot: file:/C:/Users/yuriy/IdeaProjects/MobyMaxApplication/build/reports/tests/1614514376035.1.png
Timeout: 10 s.
Caused by: NoSuchElementException: no such element: Unable to locate element: {"method":"xpath","selector":".//div[@class='bt-content']"}
	at app.tests.teacher.RegisterTests.test11teacherRegister(RegisterTests.java:183)
Caused by: org.openqa.selenium.NoSuchElementException: 
no such element: Unable to locate element: {"method":"xpath","selector":".//div[@class='bt-content']"}
  (Session info: MicrosoftEdge=88.0.705.81)
For documentation on this error, please visit: https://www.seleniumhq.org/exceptions/no_such_element.html
Build info: version: '3.141.59', revision: 'e82be7d358', time: '2018-11-14T08:17:03'
System info: host: 'DESKTOP-VMP5GT0', ip: '192.168.1.53', os.name: 'Windows 10', os.arch: 'amd64', os.version: '10.0', java.version: '1.8.0_221'
Driver info: org.openqa.selenium.edge.EdgeDriver
Capabilities {acceptInsecureCerts: true, browserName: msedge, browserVersion: 88.0.705.81, javascriptEnabled: true, ms:edgeOptions: {debuggerAddress: localhost:49511}, msedge: {msedgedriverVersion: 88.0.705.81 (324d415ccf2f0d..., userDataDir: C:\Users\yuriy\AppData\Loca...}, networkConnectionEnabled: false, pageLoadStrategy: normal, platform: WINDOWS, platformName: WINDOWS, proxy: Proxy(), setWindowRect: true, strictFileInteractability: false, timeouts: {implicit: 0, pageLoad: 300000, script: 30000}, unhandledPromptBehavior: dismiss and notify, webauthn:extension:largeBlob: true, webauthn:virtualAuthenticators: true}
Session ID: cffa6f10a4a5f8fbd39534f9977e383a
*** Element info: {Using=xpath, value=.//div[@class='bt-content']}
	at app.tests.teacher.RegisterTests.test11teacherRegister(RegisterTests.java:183)
</failure>
    <system-out><![CDATA[[INFO ] 2021-02-28 14:12:26.586 [main] BaseTestGui:43-
********************************************************************************************************
Auto-test : `test10teacherRegister`, Duration:`31` sec; Test Status:`FAILED` (path:`app.tests.teacher.RegisterTests`).
********************************************************************************************************.
[INFO ] 2021-02-28 14:12:26.586 [main] BaseTestGui:46-
Auto-Test_Result: FAILED??????? 
[INFO ] 2021-02-28 14:12:26.586 [main] BaseTestGui:48-`APP page state after failed test.`-page screenshot attached to report.
[INFO ] 2021-02-28 14:12:31.220 [main] BaseTestGui:42-APP page state after failed test.
[INFO ] 2021-02-28 14:12:33.129 [main] BaseTestGui:42-afterTest  method completed: 
[INFO ] 2021-02-28 14:12:33.131 [main] BaseTestGui:42-Started test:`test11teacherRegister`.
[INFO ] 2021-02-28 14:12:33.133 [main] BaseTestGui:42-preTest 
[INFO ] 2021-02-28 14:12:33.149 [main] BaseTestGui:48-`STARTED AUTO-TEST.`-page screenshot attached to report.
[INFO ] 2021-02-28 14:12:35.547 [main] BaseTestGui:42-STARTED AUTO-TEST.
[INFO ] 2021-02-28 14:12:35.615 [main] BaseTestGui:48-`Set First Name to       `-page screenshot attached to report.
[INFO ] 2021-02-28 14:12:36.527 [main] BaseTestGui:42-Set First Name to       
[INFO ] 2021-02-28 14:12:36.591 [main] BaseTestGui:48-`Set Last Name to auto-teacher_LastName_344080337`-page screenshot attached to report.
[INFO ] 2021-02-28 14:12:37.512 [main] BaseTestGui:42-Set Last Name to auto-teacher_LastName_344080337
[INFO ] 2021-02-28 14:12:38.658 [main] BaseTestGui:48-`selectSchool `-page screenshot attached to report.
[INFO ] 2021-02-28 14:12:43.261 [main] BaseTestGui:42-selectSchool 
[INFO ] 2021-02-28 14:12:43.317 [main] BaseTestGui:48-`Set Email Address to email_344080337@wtfqa.us`-page screenshot attached to report.
[INFO ] 2021-02-28 14:12:44.234 [main] BaseTestGui:42-Set Email Address to email_344080337@wtfqa.us
[INFO ] 2021-02-28 14:12:44.294 [main] BaseTestGui:48-`Set Create a Password to 344080337`-page screenshot attached to report.
[INFO ] 2021-02-28 14:12:45.253 [main] BaseTestGui:42-Set Create a Password to 344080337
[INFO ] 2021-02-28 14:12:45.367 [main] BaseTestGui:48-`register `-page screenshot attached to report.
[INFO ] 2021-02-28 14:12:45.969 [main] BaseTestGui:42-register 
]]></system-out>
    <system-err><![CDATA[Feb 28, 2021 2:12:26 PM io.qameta.allure.util.NamingUtils processPattern
SEVERE: Could not find parameter 1
]]></system-err>
  </testcase>
  <testcase name="test12teacherRegister" classname="app.tests.teacher.RegisterTests" time="32.314">
    <failure message="Element not found {By.xpath: .//div[@class=&apos;bt-content&apos;]}&#10;Expected: exist&#10;Screenshot: file:/C:/Users/yuriy/IdeaProjects/MobyMaxApplication/build/reports/tests/1614514415303.2.png&#10;Timeout: 10 s.&#10;Caused by: NoSuchElementException: no such element: Unable to locate element: {&quot;method&quot;:&quot;xpath&quot;,&quot;selector&quot;:&quot;.//div[@class=&apos;bt-content&apos;]&quot;}" type="com.codeborne.selenide.ex.ElementNotFound">com.codeborne.selenide.ex.ElementNotFound: 
Element not found {By.xpath: .//div[@class='bt-content']}
Expected: exist
Screenshot: file:/C:/Users/yuriy/IdeaProjects/MobyMaxApplication/build/reports/tests/1614514415303.2.png
Timeout: 10 s.
Caused by: NoSuchElementException: no such element: Unable to locate element: {"method":"xpath","selector":".//div[@class='bt-content']"}
	at app.tests.teacher.RegisterTests.test12teacherRegister(RegisterTests.java:196)
Caused by: org.openqa.selenium.NoSuchElementException: 
no such element: Unable to locate element: {"method":"xpath","selector":".//div[@class='bt-content']"}
  (Session info: MicrosoftEdge=88.0.705.81)
For documentation on this error, please visit: https://www.seleniumhq.org/exceptions/no_such_element.html
Build info: version: '3.141.59', revision: 'e82be7d358', time: '2018-11-14T08:17:03'
System info: host: 'DESKTOP-VMP5GT0', ip: '192.168.1.53', os.name: 'Windows 10', os.arch: 'amd64', os.version: '10.0', java.version: '1.8.0_221'
Driver info: org.openqa.selenium.edge.EdgeDriver
Capabilities {acceptInsecureCerts: true, browserName: msedge, browserVersion: 88.0.705.81, javascriptEnabled: true, ms:edgeOptions: {debuggerAddress: localhost:49511}, msedge: {msedgedriverVersion: 88.0.705.81 (324d415ccf2f0d..., userDataDir: C:\Users\yuriy\AppData\Loca...}, networkConnectionEnabled: false, pageLoadStrategy: normal, platform: WINDOWS, platformName: WINDOWS, proxy: Proxy(), setWindowRect: true, strictFileInteractability: false, timeouts: {implicit: 0, pageLoad: 300000, script: 30000}, unhandledPromptBehavior: dismiss and notify, webauthn:extension:largeBlob: true, webauthn:virtualAuthenticators: true}
Session ID: cffa6f10a4a5f8fbd39534f9977e383a
*** Element info: {Using=xpath, value=.//div[@class='bt-content']}
	at app.tests.teacher.RegisterTests.test12teacherRegister(RegisterTests.java:196)
</failure>
    <system-out><![CDATA[[INFO ] 2021-02-28 14:13:05.385 [main] BaseTestGui:43-
********************************************************************************************************
Auto-test : `test11teacherRegister`, Duration:`32` sec; Test Status:`FAILED` (path:`app.tests.teacher.RegisterTests`).
********************************************************************************************************.
[INFO ] 2021-02-28 14:13:05.386 [main] BaseTestGui:46-
Auto-Test_Result: FAILED??????? 
[INFO ] 2021-02-28 14:13:05.386 [main] BaseTestGui:48-`APP page state after failed test.`-page screenshot attached to report.
[INFO ] 2021-02-28 14:13:10.045 [main] BaseTestGui:42-APP page state after failed test.
[INFO ] 2021-02-28 14:13:11.741 [main] BaseTestGui:42-afterTest  method completed: 
[INFO ] 2021-02-28 14:13:11.745 [main] BaseTestGui:42-Started test:`test12teacherRegister`.
[INFO ] 2021-02-28 14:13:12.330 [main] BaseTestGui:42-preTest 
[INFO ] 2021-02-28 14:13:12.345 [main] BaseTestGui:48-`STARTED AUTO-TEST.`-page screenshot attached to report.
[INFO ] 2021-02-28 14:13:14.604 [main] BaseTestGui:42-STARTED AUTO-TEST.
[INFO ] 2021-02-28 14:13:14.673 [main] BaseTestGui:48-`Set First Name to auto-teacher_FirstName_413599645`-page screenshot attached to report.
[INFO ] 2021-02-28 14:13:15.558 [main] BaseTestGui:42-Set First Name to auto-teacher_FirstName_413599645
[INFO ] 2021-02-28 14:13:15.626 [main] BaseTestGui:48-`Set Last Name to        `-page screenshot attached to report.
[INFO ] 2021-02-28 14:13:16.509 [main] BaseTestGui:42-Set Last Name to        
[INFO ] 2021-02-28 14:13:18.065 [main] BaseTestGui:48-`selectSchool `-page screenshot attached to report.
[INFO ] 2021-02-28 14:13:22.675 [main] BaseTestGui:42-selectSchool 
[INFO ] 2021-02-28 14:13:22.718 [main] BaseTestGui:48-`Set Email Address to email_413599645@wtfqa.us`-page screenshot attached to report.
[INFO ] 2021-02-28 14:13:23.604 [main] BaseTestGui:42-Set Email Address to email_413599645@wtfqa.us
[INFO ] 2021-02-28 14:13:23.654 [main] BaseTestGui:48-`Set Create a Password to 413599645`-page screenshot attached to report.
[INFO ] 2021-02-28 14:13:24.578 [main] BaseTestGui:42-Set Create a Password to 413599645
[INFO ] 2021-02-28 14:13:24.662 [main] BaseTestGui:48-`register `-page screenshot attached to report.
[INFO ] 2021-02-28 14:13:25.200 [main] BaseTestGui:42-register 
]]></system-out>
    <system-err><![CDATA[Feb 28, 2021 2:13:05 PM io.qameta.allure.util.NamingUtils processPattern
SEVERE: Could not find parameter 1
]]></system-err>
  </testcase>
  <testcase name="test13teacherRegister" classname="app.tests.teacher.RegisterTests" time="17.122"/>
  <testcase name="test01teacherLogin" classname="app.tests.teacher.LoginTests" time="21.901"/>
  <testcase name="test02teacherLogin" classname="app.tests.teacher.LoginTests" time="11.465"/>
  <testcase name="test03teacherLogin" classname="app.tests.teacher.LoginTests" time="11.905"/>
  <testcase name="test04teacherLogin" classname="app.tests.teacher.LoginTests" time="12.198"/>
  <testcase name="test05teacherLogin" classname="app.tests.teacher.LoginTests" time="11.543"/>
  <testcase name="test06teacherLogin" classname="app.tests.teacher.LoginTests" time="11.388"/>
  <testcase name="test01registerStudent" classname="app.tests.teacher.StudentRegisterTests" time="99.108"/>
  <testcase name="test02registerStudentGroup" classname="app.tests.teacher.StudentRegisterTests" time="686.702"/>
</testsuite>