<html>
<head>
<title>TestNG:  Teacher: Testsets for teacher.</title>
<link href="../testng.css" rel="stylesheet" type="text/css" />
<link href="../my-testng.css" rel="stylesheet" type="text/css" />

<style type="text/css">
.log { display: none;} 
.stack-trace { display: none;} 
</style>
<script type="text/javascript">
<!--
function flip(e) {
  current = e.style.display;
  if (current == 'block') {
    e.style.display = 'none';
    return 0;
  }
  else {
    e.style.display = 'block';
    return 1;
  }
}

function toggleBox(szDivId, elem, msg1, msg2)
{
  var res = -1;  if (document.getElementById) {
    res = flip(document.getElementById(szDivId));
  }
  else if (document.all) {
    // this is the way old msie versions work
    res = flip(document.all[szDivId]);
  }
  if(elem) {
    if(res == 0) elem.innerHTML = msg1; else elem.innerHTML = msg2;
  }

}

function toggleAllBoxes() {
  if (document.getElementsByTagName) {
    d = document.getElementsByTagName('div');
    for (i = 0; i < d.length; i++) {
      if (d[i].className == 'log') {
        flip(d[i]);
      }
    }
  }
}

// -->
</script>

</head>
<body>
<h2 align='center'>Teacher: Testsets for teacher.</h2><table border='1' align="center">
<tr>
<td>Tests passed/Failed/Skipped:</td><td>18/3/0</td>
</tr><tr>
<td>Started on:</td><td>Sun Feb 28 14:08:16 EET 2021</td>
</tr>
<tr><td>Total time:</td><td>1232 seconds (1232634 ms)</td>
</tr><tr>
<td>Included groups:</td><td></td>
</tr><tr>
<td>Excluded groups:</td><td></td>
</tr>
</table><p/>
<small><i>(Hover the method name to see the test class name)</i></small><p/>
<table width='100%' border='1' class='invocation-failed'>
<tr><td colspan='4' align='center'><b>FAILED TESTS</b></td></tr>
<tr><td><b>Test method</b></td>
<td width="30%"><b>Exception</b></td>
<td width="10%"><b>Time (seconds)</b></td>
<td><b>Instance</b></td>
</tr>
<tr>
<td title='app.tests.teacher.RegisterTests.test10teacherRegister()'><b>test10teacherRegister</b><br>Test class: app.tests.teacher.RegisterTests<br>Test method: Test 10. Register new Teacher with wrong field Email Address. !!!MINOR ISSUE!!!</td>
<td><div><pre>Element not found {By.xpath: .//div[@class=&apos;bt-content&apos;]}
Expected: exist
Screenshot: file:/C:/Users/yuriy/IdeaProjects/MobyMaxApplication/build/reports/tests/1614514337242.0.png
Timeout: 10 s.
Caused by: NoSuchElementException: no such element: Unable to locate element: {&quot;method&quot;:&quot;xpath&quot;,&quot;selector&quot;:&quot;.//div[@class=&apos;bt-content&apos;]&quot;}
	at com.codeborne.selenide.impl.WebElementSource.createElementNotFoundError(WebElementSource.java:56)
	at com.codeborne.selenide.impl.ElementFinder.createElementNotFoundError(ElementFinder.java:136)
	at com.codeborne.selenide.impl.WebElementSource.checkCondition(WebElementSource.java:87)
	at com.codeborne.selenide.commands.Should.execute(Should.java:30)
	at com.codeborne.selenide.commands.Should.execute(Should.java:14)
	at com.codeborne.selenide.commands.Commands.execute(Commands.java:153)
	at com.codeborne.selenide.impl.SelenideElementProxy.dispatchAndRetry(SelenideElementProxy.java:112)
	at com.codeborne.selenide.impl.SelenideElementProxy.invoke(SelenideElementProxy.java:68)
	at com.sun.proxy.$Proxy44.shouldBe(Unknown Source)
	at app.pageobject.BasePageObject.checkError(BasePageObject.java:94)
	at app.tests.teacher.TeacherScenario.failedRegister(TeacherScenario.java:120)
	at app.tests.teacher.RegisterTests.test10teacherRegister(RegisterTests.java:169)
	at java.util.ArrayList.forEach(ArrayList.java:1257)
Caused by: org.openqa.selenium.NoSuchElementException: no such element: Unable to locate element: {&quot;method&quot;:&quot;xpath&quot;,&quot;selector&quot;:&quot;.//div[@class=&apos;bt-content&apos;]&quot;}
  (Session info: MicrosoftEdge=88.0.705.81)
For documentation on this error, please visit: https://www.seleniumhq.org/exceptions/no_such_element.html
Build info: version: &apos;3.141.59&apos;, revision: &apos;e82be7d358&apos;, time: &apos;2018-11-14T08:17:03&apos;
System info: host: &apos;DESKTOP-VMP5GT0&apos;, ip: &apos;192.168.1.53&apos;, os.name: &apos;Windows 10&apos;, os.arch: &apos;amd64&apos;, os.version: &apos;10.0&apos;, java.version: &apos;1.8.0_221&apos;
Driver info: org.openqa.selenium.edge.EdgeDriver
Capabilities {acceptInsecureCerts: true, browserName: msedge, browserVersion: 88.0.705.81, javascriptEnabled: true, ms:edgeOptions: {debuggerAddress: localhost:49511}, msedge: {msedgedriverVersion: 88.0.705.81 (324d415ccf2f0d..., userDataDir: C:\Users\yuriy\AppData\Loca...}, networkConnectionEnabled: false, pageLoadStrategy: normal, platform: WINDOWS, platformName: WINDOWS, proxy: Proxy(), setWindowRect: true, strictFileInteractability: false, timeouts: {implicit: 0, pageLoad: 300000, script: 30000}, unhandledPromptBehavior: dismiss and notify, webauthn:extension:largeBlob: true, webauthn:virtualAuthenticators: true}
Session ID: cffa6f10a4a5f8fbd39534f9977e383a
*** Element info: {Using=xpath, value=.//div[@class=&apos;bt-content&apos;]}
	at org.openqa.selenium.remote.http.W3CHttpResponseCodec.createException(W3CHttpResponseCodec.java:187)
	at org.openqa.selenium.remote.http.W3CHttpResponseCodec.decode(W3CHttpResponseCodec.java:122)
	at org.openqa.selenium.remote.http.W3CHttpResponseCodec.decode(W3CHttpResponseCodec.java:49)
	at org.openqa.selenium.remote.HttpCommandExecutor.execute(HttpCommandExecutor.java:158)
	at org.openqa.selenium.remote.service.DriverCommandExecutor.execute(DriverCommandExecutor.java:83)
	at org.openqa.selenium.remote.RemoteWebDriver.execute(RemoteWebDriver.java:552)
	at org.openqa.selenium.remote.RemoteWebDriver.findElement(RemoteWebDriver.java:323)
	at org.openqa.selenium.remote.RemoteWebDriver.findElementByXPath(RemoteWebDriver.java:428)
	at org.openqa.selenium.By$ByXPath.findElement(By.java:353)
	at org.openqa.selenium.remote.RemoteWebDriver.findElement(RemoteWebDriver.java:315)
	at com.codeborne.selenide.impl.WebElementSelector.findElement(WebElementSelector.java:65)
	at com.codeborne.selenide.impl.WebElementSelector.findElement(WebElementSelector.java:40)
	at com.codeborne.selenide.impl.ElementFinder.getWebElement(ElementFinder.java:104)
	at com.codeborne.selenide.impl.WebElementSource.checkCondition(WebElementSource.java:72)
	... 41 more
... Removed 34 stack frames</pre></div><a href='#' onClick='toggleBox("stack-trace1631251281", this, "Click to show all stack frames", "Click to hide stack frames")'>Click to show all stack frames</a>
<div class='stack-trace' id='stack-trace1631251281'><pre>Element not found {By.xpath: .//div[@class=&apos;bt-content&apos;]}
Expected: exist
Screenshot: file:/C:/Users/yuriy/IdeaProjects/MobyMaxApplication/build/reports/tests/1614514337242.0.png
Timeout: 10 s.
Caused by: NoSuchElementException: no such element: Unable to locate element: {&quot;method&quot;:&quot;xpath&quot;,&quot;selector&quot;:&quot;.//div[@class=&apos;bt-content&apos;]&quot;}
	at com.codeborne.selenide.impl.WebElementSource.createElementNotFoundError(WebElementSource.java:56)
	at com.codeborne.selenide.impl.ElementFinder.createElementNotFoundError(ElementFinder.java:136)
	at com.codeborne.selenide.impl.WebElementSource.checkCondition(WebElementSource.java:87)
	at com.codeborne.selenide.commands.Should.execute(Should.java:30)
	at com.codeborne.selenide.commands.Should.execute(Should.java:14)
	at com.codeborne.selenide.commands.Commands.execute(Commands.java:153)
	at com.codeborne.selenide.impl.SelenideElementProxy.dispatchAndRetry(SelenideElementProxy.java:112)
	at com.codeborne.selenide.impl.SelenideElementProxy.invoke(SelenideElementProxy.java:68)
	at com.sun.proxy.$Proxy44.shouldBe(Unknown Source)
	at app.pageobject.BasePageObject.checkError(BasePageObject.java:94)
	at app.tests.teacher.TeacherScenario.failedRegister(TeacherScenario.java:120)
	at app.tests.teacher.RegisterTests.test10teacherRegister(RegisterTests.java:169)
	at sun.reflect.NativeMethodAccessorImpl.invoke0(Native Method)
	at sun.reflect.NativeMethodAccessorImpl.invoke(NativeMethodAccessorImpl.java:62)
	at sun.reflect.DelegatingMethodAccessorImpl.invoke(DelegatingMethodAccessorImpl.java:43)
	at java.lang.reflect.Method.invoke(Method.java:498)
	at org.testng.internal.MethodInvocationHelper.invokeMethod(MethodInvocationHelper.java:134)
	at org.testng.internal.TestInvoker.invokeMethod(TestInvoker.java:597)
	at org.testng.internal.TestInvoker.invokeTestMethod(TestInvoker.java:173)
	at org.testng.internal.MethodRunner.runInSequence(MethodRunner.java:46)
	at org.testng.internal.TestInvoker$MethodInvocationAgent.invoke(TestInvoker.java:816)
	at org.testng.internal.TestInvoker.invokeTestMethods(TestInvoker.java:146)
	at org.testng.internal.TestMethodWorker.invokeTestMethods(TestMethodWorker.java:146)
	at org.testng.internal.TestMethodWorker.run(TestMethodWorker.java:128)
	at java.util.ArrayList.forEach(ArrayList.java:1257)
	at org.testng.TestRunner.privateRun(TestRunner.java:766)
	at org.testng.TestRunner.run(TestRunner.java:587)
	at org.testng.SuiteRunner.runTest(SuiteRunner.java:384)
	at org.testng.SuiteRunner.runSequentially(SuiteRunner.java:378)
	at org.testng.SuiteRunner.privateRun(SuiteRunner.java:337)
	at org.testng.SuiteRunner.run(SuiteRunner.java:286)
	at org.testng.SuiteRunnerWorker.runSuite(SuiteRunnerWorker.java:53)
	at org.testng.SuiteRunnerWorker.run(SuiteRunnerWorker.java:96)
	at org.testng.TestNG.runSuitesSequentially(TestNG.java:1187)
	at org.testng.TestNG.runSuitesLocally(TestNG.java:1109)
	at org.testng.TestNG.runSuites(TestNG.java:1039)
	at org.testng.TestNG.run(TestNG.java:1007)
	at org.apache.maven.surefire.testng.TestNGExecutor.run(TestNGExecutor.java:283)
	at org.apache.maven.surefire.testng.TestNGXmlTestSuite.execute(TestNGXmlTestSuite.java:75)
	at org.apache.maven.surefire.testng.TestNGProvider.invoke(TestNGProvider.java:120)
	at org.apache.maven.surefire.booter.ForkedBooter.invokeProviderInSameClassLoader(ForkedBooter.java:384)
	at org.apache.maven.surefire.booter.ForkedBooter.runSuitesInProcess(ForkedBooter.java:345)
	at org.apache.maven.surefire.booter.ForkedBooter.execute(ForkedBooter.java:126)
	at org.apache.maven.surefire.booter.ForkedBooter.main(ForkedBooter.java:418)
Caused by: org.openqa.selenium.NoSuchElementException: no such element: Unable to locate element: {&quot;method&quot;:&quot;xpath&quot;,&quot;selector&quot;:&quot;.//div[@class=&apos;bt-content&apos;]&quot;}
  (Session info: MicrosoftEdge=88.0.705.81)
For documentation on this error, please visit: https://www.seleniumhq.org/exceptions/no_such_element.html
Build info: version: &apos;3.141.59&apos;, revision: &apos;e82be7d358&apos;, time: &apos;2018-11-14T08:17:03&apos;
System info: host: &apos;DESKTOP-VMP5GT0&apos;, ip: &apos;192.168.1.53&apos;, os.name: &apos;Windows 10&apos;, os.arch: &apos;amd64&apos;, os.version: &apos;10.0&apos;, java.version: &apos;1.8.0_221&apos;
Driver info: org.openqa.selenium.edge.EdgeDriver
Capabilities {acceptInsecureCerts: true, browserName: msedge, browserVersion: 88.0.705.81, javascriptEnabled: true, ms:edgeOptions: {debuggerAddress: localhost:49511}, msedge: {msedgedriverVersion: 88.0.705.81 (324d415ccf2f0d..., userDataDir: C:\Users\yuriy\AppData\Loca...}, networkConnectionEnabled: false, pageLoadStrategy: normal, platform: WINDOWS, platformName: WINDOWS, proxy: Proxy(), setWindowRect: true, strictFileInteractability: false, timeouts: {implicit: 0, pageLoad: 300000, script: 30000}, unhandledPromptBehavior: dismiss and notify, webauthn:extension:largeBlob: true, webauthn:virtualAuthenticators: true}
Session ID: cffa6f10a4a5f8fbd39534f9977e383a
*** Element info: {Using=xpath, value=.//div[@class=&apos;bt-content&apos;]}
	at sun.reflect.GeneratedConstructorAccessor26.newInstance(Unknown Source)
	at sun.reflect.DelegatingConstructorAccessorImpl.newInstance(DelegatingConstructorAccessorImpl.java:45)
	at java.lang.reflect.Constructor.newInstance(Constructor.java:423)
	at org.openqa.selenium.remote.http.W3CHttpResponseCodec.createException(W3CHttpResponseCodec.java:187)
	at org.openqa.selenium.remote.http.W3CHttpResponseCodec.decode(W3CHttpResponseCodec.java:122)
	at org.openqa.selenium.remote.http.W3CHttpResponseCodec.decode(W3CHttpResponseCodec.java:49)
	at org.openqa.selenium.remote.HttpCommandExecutor.execute(HttpCommandExecutor.java:158)
	at org.openqa.selenium.remote.service.DriverCommandExecutor.execute(DriverCommandExecutor.java:83)
	at org.openqa.selenium.remote.RemoteWebDriver.execute(RemoteWebDriver.java:552)
	at org.openqa.selenium.remote.RemoteWebDriver.findElement(RemoteWebDriver.java:323)
	at org.openqa.selenium.remote.RemoteWebDriver.findElementByXPath(RemoteWebDriver.java:428)
	at org.openqa.selenium.By$ByXPath.findElement(By.java:353)
	at org.openqa.selenium.remote.RemoteWebDriver.findElement(RemoteWebDriver.java:315)
	at com.codeborne.selenide.impl.WebElementSelector.findElement(WebElementSelector.java:65)
	at com.codeborne.selenide.impl.WebElementSelector.findElement(WebElementSelector.java:40)
	at com.codeborne.selenide.impl.ElementFinder.getWebElement(ElementFinder.java:104)
	at com.codeborne.selenide.impl.WebElementSource.checkCondition(WebElementSource.java:72)
	... 41 more
</pre></div></td>
<td>31</td>
<td>app.tests.teacher.RegisterTests@767f6ee7</td></tr>
<tr>
<td title='app.tests.teacher.RegisterTests.test11teacherRegister()'><b>test11teacherRegister</b><br>Test class: app.tests.teacher.RegisterTests<br>Test method: Test 11. Register new Teacher with field First Name: '    '. !!!MINOR ISSUE!!!</td>
<td><div><pre>Element not found {By.xpath: .//div[@class=&apos;bt-content&apos;]}
Expected: exist
Screenshot: file:/C:/Users/yuriy/IdeaProjects/MobyMaxApplication/build/reports/tests/1614514376035.1.png
Timeout: 10 s.
Caused by: NoSuchElementException: no such element: Unable to locate element: {&quot;method&quot;:&quot;xpath&quot;,&quot;selector&quot;:&quot;.//div[@class=&apos;bt-content&apos;]&quot;}
	at com.codeborne.selenide.impl.WebElementSource.createElementNotFoundError(WebElementSource.java:56)
	at com.codeborne.selenide.impl.ElementFinder.createElementNotFoundError(ElementFinder.java:136)
	at com.codeborne.selenide.impl.WebElementSource.checkCondition(WebElementSource.java:87)
	at com.codeborne.selenide.commands.Should.execute(Should.java:30)
	at com.codeborne.selenide.commands.Should.execute(Should.java:14)
	at com.codeborne.selenide.commands.Commands.execute(Commands.java:153)
	at com.codeborne.selenide.impl.SelenideElementProxy.dispatchAndRetry(SelenideElementProxy.java:112)
	at com.codeborne.selenide.impl.SelenideElementProxy.invoke(SelenideElementProxy.java:68)
	at com.sun.proxy.$Proxy44.shouldBe(Unknown Source)
	at app.pageobject.BasePageObject.checkError(BasePageObject.java:94)
	at app.tests.teacher.TeacherScenario.failedRegister(TeacherScenario.java:120)
	at app.tests.teacher.RegisterTests.test11teacherRegister(RegisterTests.java:183)
	at java.util.ArrayList.forEach(ArrayList.java:1257)
Caused by: org.openqa.selenium.NoSuchElementException: no such element: Unable to locate element: {&quot;method&quot;:&quot;xpath&quot;,&quot;selector&quot;:&quot;.//div[@class=&apos;bt-content&apos;]&quot;}
  (Session info: MicrosoftEdge=88.0.705.81)
For documentation on this error, please visit: https://www.seleniumhq.org/exceptions/no_such_element.html
Build info: version: &apos;3.141.59&apos;, revision: &apos;e82be7d358&apos;, time: &apos;2018-11-14T08:17:03&apos;
System info: host: &apos;DESKTOP-VMP5GT0&apos;, ip: &apos;192.168.1.53&apos;, os.name: &apos;Windows 10&apos;, os.arch: &apos;amd64&apos;, os.version: &apos;10.0&apos;, java.version: &apos;1.8.0_221&apos;
Driver info: org.openqa.selenium.edge.EdgeDriver
Capabilities {acceptInsecureCerts: true, browserName: msedge, browserVersion: 88.0.705.81, javascriptEnabled: true, ms:edgeOptions: {debuggerAddress: localhost:49511}, msedge: {msedgedriverVersion: 88.0.705.81 (324d415ccf2f0d..., userDataDir: C:\Users\yuriy\AppData\Loca...}, networkConnectionEnabled: false, pageLoadStrategy: normal, platform: WINDOWS, platformName: WINDOWS, proxy: Proxy(), setWindowRect: true, strictFileInteractability: false, timeouts: {implicit: 0, pageLoad: 300000, script: 30000}, unhandledPromptBehavior: dismiss and notify, webauthn:extension:largeBlob: true, webauthn:virtualAuthenticators: true}
Session ID: cffa6f10a4a5f8fbd39534f9977e383a
*** Element info: {Using=xpath, value=.//div[@class=&apos;bt-content&apos;]}
	at org.openqa.selenium.remote.http.W3CHttpResponseCodec.createException(W3CHttpResponseCodec.java:187)
	at org.openqa.selenium.remote.http.W3CHttpResponseCodec.decode(W3CHttpResponseCodec.java:122)
	at org.openqa.selenium.remote.http.W3CHttpResponseCodec.decode(W3CHttpResponseCodec.java:49)
	at org.openqa.selenium.remote.HttpCommandExecutor.execute(HttpCommandExecutor.java:158)
	at org.openqa.selenium.remote.service.DriverCommandExecutor.execute(DriverCommandExecutor.java:83)
	at org.openqa.selenium.remote.RemoteWebDriver.execute(RemoteWebDriver.java:552)
	at org.openqa.selenium.remote.RemoteWebDriver.findElement(RemoteWebDriver.java:323)
	at org.openqa.selenium.remote.RemoteWebDriver.findElementByXPath(RemoteWebDriver.java:428)
	at org.openqa.selenium.By$ByXPath.findElement(By.java:353)
	at org.openqa.selenium.remote.RemoteWebDriver.findElement(RemoteWebDriver.java:315)
	at com.codeborne.selenide.impl.WebElementSelector.findElement(WebElementSelector.java:65)
	at com.codeborne.selenide.impl.WebElementSelector.findElement(WebElementSelector.java:40)
	at com.codeborne.selenide.impl.ElementFinder.getWebElement(ElementFinder.java:104)
	at com.codeborne.selenide.impl.WebElementSource.checkCondition(WebElementSource.java:72)
	... 41 more
... Removed 34 stack frames</pre></div><a href='#' onClick='toggleBox("stack-trace54291535", this, "Click to show all stack frames", "Click to hide stack frames")'>Click to show all stack frames</a>
<div class='stack-trace' id='stack-trace54291535'><pre>Element not found {By.xpath: .//div[@class=&apos;bt-content&apos;]}
Expected: exist
Screenshot: file:/C:/Users/yuriy/IdeaProjects/MobyMaxApplication/build/reports/tests/1614514376035.1.png
Timeout: 10 s.
Caused by: NoSuchElementException: no such element: Unable to locate element: {&quot;method&quot;:&quot;xpath&quot;,&quot;selector&quot;:&quot;.//div[@class=&apos;bt-content&apos;]&quot;}
	at com.codeborne.selenide.impl.WebElementSource.createElementNotFoundError(WebElementSource.java:56)
	at com.codeborne.selenide.impl.ElementFinder.createElementNotFoundError(ElementFinder.java:136)
	at com.codeborne.selenide.impl.WebElementSource.checkCondition(WebElementSource.java:87)
	at com.codeborne.selenide.commands.Should.execute(Should.java:30)
	at com.codeborne.selenide.commands.Should.execute(Should.java:14)
	at com.codeborne.selenide.commands.Commands.execute(Commands.java:153)
	at com.codeborne.selenide.impl.SelenideElementProxy.dispatchAndRetry(SelenideElementProxy.java:112)
	at com.codeborne.selenide.impl.SelenideElementProxy.invoke(SelenideElementProxy.java:68)
	at com.sun.proxy.$Proxy44.shouldBe(Unknown Source)
	at app.pageobject.BasePageObject.checkError(BasePageObject.java:94)
	at app.tests.teacher.TeacherScenario.failedRegister(TeacherScenario.java:120)
	at app.tests.teacher.RegisterTests.test11teacherRegister(RegisterTests.java:183)
	at sun.reflect.NativeMethodAccessorImpl.invoke0(Native Method)
	at sun.reflect.NativeMethodAccessorImpl.invoke(NativeMethodAccessorImpl.java:62)
	at sun.reflect.DelegatingMethodAccessorImpl.invoke(DelegatingMethodAccessorImpl.java:43)
	at java.lang.reflect.Method.invoke(Method.java:498)
	at org.testng.internal.MethodInvocationHelper.invokeMethod(MethodInvocationHelper.java:134)
	at org.testng.internal.TestInvoker.invokeMethod(TestInvoker.java:597)
	at org.testng.internal.TestInvoker.invokeTestMethod(TestInvoker.java:173)
	at org.testng.internal.MethodRunner.runInSequence(MethodRunner.java:46)
	at org.testng.internal.TestInvoker$MethodInvocationAgent.invoke(TestInvoker.java:816)
	at org.testng.internal.TestInvoker.invokeTestMethods(TestInvoker.java:146)
	at org.testng.internal.TestMethodWorker.invokeTestMethods(TestMethodWorker.java:146)
	at org.testng.internal.TestMethodWorker.run(TestMethodWorker.java:128)
	at java.util.ArrayList.forEach(ArrayList.java:1257)
	at org.testng.TestRunner.privateRun(TestRunner.java:766)
	at org.testng.TestRunner.run(TestRunner.java:587)
	at org.testng.SuiteRunner.runTest(SuiteRunner.java:384)
	at org.testng.SuiteRunner.runSequentially(SuiteRunner.java:378)
	at org.testng.SuiteRunner.privateRun(SuiteRunner.java:337)
	at org.testng.SuiteRunner.run(SuiteRunner.java:286)
	at org.testng.SuiteRunnerWorker.runSuite(SuiteRunnerWorker.java:53)
	at org.testng.SuiteRunnerWorker.run(SuiteRunnerWorker.java:96)
	at org.testng.TestNG.runSuitesSequentially(TestNG.java:1187)
	at org.testng.TestNG.runSuitesLocally(TestNG.java:1109)
	at org.testng.TestNG.runSuites(TestNG.java:1039)
	at org.testng.TestNG.run(TestNG.java:1007)
	at org.apache.maven.surefire.testng.TestNGExecutor.run(TestNGExecutor.java:283)
	at org.apache.maven.surefire.testng.TestNGXmlTestSuite.execute(TestNGXmlTestSuite.java:75)
	at org.apache.maven.surefire.testng.TestNGProvider.invoke(TestNGProvider.java:120)
	at org.apache.maven.surefire.booter.ForkedBooter.invokeProviderInSameClassLoader(ForkedBooter.java:384)
	at org.apache.maven.surefire.booter.ForkedBooter.runSuitesInProcess(ForkedBooter.java:345)
	at org.apache.maven.surefire.booter.ForkedBooter.execute(ForkedBooter.java:126)
	at org.apache.maven.surefire.booter.ForkedBooter.main(ForkedBooter.java:418)
Caused by: org.openqa.selenium.NoSuchElementException: no such element: Unable to locate element: {&quot;method&quot;:&quot;xpath&quot;,&quot;selector&quot;:&quot;.//div[@class=&apos;bt-content&apos;]&quot;}
  (Session info: MicrosoftEdge=88.0.705.81)
For documentation on this error, please visit: https://www.seleniumhq.org/exceptions/no_such_element.html
Build info: version: &apos;3.141.59&apos;, revision: &apos;e82be7d358&apos;, time: &apos;2018-11-14T08:17:03&apos;
System info: host: &apos;DESKTOP-VMP5GT0&apos;, ip: &apos;192.168.1.53&apos;, os.name: &apos;Windows 10&apos;, os.arch: &apos;amd64&apos;, os.version: &apos;10.0&apos;, java.version: &apos;1.8.0_221&apos;
Driver info: org.openqa.selenium.edge.EdgeDriver
Capabilities {acceptInsecureCerts: true, browserName: msedge, browserVersion: 88.0.705.81, javascriptEnabled: true, ms:edgeOptions: {debuggerAddress: localhost:49511}, msedge: {msedgedriverVersion: 88.0.705.81 (324d415ccf2f0d..., userDataDir: C:\Users\yuriy\AppData\Loca...}, networkConnectionEnabled: false, pageLoadStrategy: normal, platform: WINDOWS, platformName: WINDOWS, proxy: Proxy(), setWindowRect: true, strictFileInteractability: false, timeouts: {implicit: 0, pageLoad: 300000, script: 30000}, unhandledPromptBehavior: dismiss and notify, webauthn:extension:largeBlob: true, webauthn:virtualAuthenticators: true}
Session ID: cffa6f10a4a5f8fbd39534f9977e383a
*** Element info: {Using=xpath, value=.//div[@class=&apos;bt-content&apos;]}
	at sun.reflect.GeneratedConstructorAccessor26.newInstance(Unknown Source)
	at sun.reflect.DelegatingConstructorAccessorImpl.newInstance(DelegatingConstructorAccessorImpl.java:45)
	at java.lang.reflect.Constructor.newInstance(Constructor.java:423)
	at org.openqa.selenium.remote.http.W3CHttpResponseCodec.createException(W3CHttpResponseCodec.java:187)
	at org.openqa.selenium.remote.http.W3CHttpResponseCodec.decode(W3CHttpResponseCodec.java:122)
	at org.openqa.selenium.remote.http.W3CHttpResponseCodec.decode(W3CHttpResponseCodec.java:49)
	at org.openqa.selenium.remote.HttpCommandExecutor.execute(HttpCommandExecutor.java:158)
	at org.openqa.selenium.remote.service.DriverCommandExecutor.execute(DriverCommandExecutor.java:83)
	at org.openqa.selenium.remote.RemoteWebDriver.execute(RemoteWebDriver.java:552)
	at org.openqa.selenium.remote.RemoteWebDriver.findElement(RemoteWebDriver.java:323)
	at org.openqa.selenium.remote.RemoteWebDriver.findElementByXPath(RemoteWebDriver.java:428)
	at org.openqa.selenium.By$ByXPath.findElement(By.java:353)
	at org.openqa.selenium.remote.RemoteWebDriver.findElement(RemoteWebDriver.java:315)
	at com.codeborne.selenide.impl.WebElementSelector.findElement(WebElementSelector.java:65)
	at com.codeborne.selenide.impl.WebElementSelector.findElement(WebElementSelector.java:40)
	at com.codeborne.selenide.impl.ElementFinder.getWebElement(ElementFinder.java:104)
	at com.codeborne.selenide.impl.WebElementSource.checkCondition(WebElementSource.java:72)
	... 41 more
</pre></div></td>
<td>32</td>
<td>app.tests.teacher.RegisterTests@767f6ee7</td></tr>
<tr>
<td title='app.tests.teacher.RegisterTests.test12teacherRegister()'><b>test12teacherRegister</b><br>Test class: app.tests.teacher.RegisterTests<br>Test method: Test 12. Register new Teacher field Last Name: '     '. !!!MINOR ISSUE!!!</td>
<td><div><pre>Element not found {By.xpath: .//div[@class=&apos;bt-content&apos;]}
Expected: exist
Screenshot: file:/C:/Users/yuriy/IdeaProjects/MobyMaxApplication/build/reports/tests/1614514415303.2.png
Timeout: 10 s.
Caused by: NoSuchElementException: no such element: Unable to locate element: {&quot;method&quot;:&quot;xpath&quot;,&quot;selector&quot;:&quot;.//div[@class=&apos;bt-content&apos;]&quot;}
	at com.codeborne.selenide.impl.WebElementSource.createElementNotFoundError(WebElementSource.java:56)
	at com.codeborne.selenide.impl.ElementFinder.createElementNotFoundError(ElementFinder.java:136)
	at com.codeborne.selenide.impl.WebElementSource.checkCondition(WebElementSource.java:87)
	at com.codeborne.selenide.commands.Should.execute(Should.java:30)
	at com.codeborne.selenide.commands.Should.execute(Should.java:14)
	at com.codeborne.selenide.commands.Commands.execute(Commands.java:153)
	at com.codeborne.selenide.impl.SelenideElementProxy.dispatchAndRetry(SelenideElementProxy.java:112)
	at com.codeborne.selenide.impl.SelenideElementProxy.invoke(SelenideElementProxy.java:68)
	at com.sun.proxy.$Proxy44.shouldBe(Unknown Source)
	at app.pageobject.BasePageObject.checkError(BasePageObject.java:94)
	at app.tests.teacher.TeacherScenario.failedRegister(TeacherScenario.java:120)
	at app.tests.teacher.RegisterTests.test12teacherRegister(RegisterTests.java:196)
	at java.util.ArrayList.forEach(ArrayList.java:1257)
Caused by: org.openqa.selenium.NoSuchElementException: no such element: Unable to locate element: {&quot;method&quot;:&quot;xpath&quot;,&quot;selector&quot;:&quot;.//div[@class=&apos;bt-content&apos;]&quot;}
  (Session info: MicrosoftEdge=88.0.705.81)
For documentation on this error, please visit: https://www.seleniumhq.org/exceptions/no_such_element.html
Build info: version: &apos;3.141.59&apos;, revision: &apos;e82be7d358&apos;, time: &apos;2018-11-14T08:17:03&apos;
System info: host: &apos;DESKTOP-VMP5GT0&apos;, ip: &apos;192.168.1.53&apos;, os.name: &apos;Windows 10&apos;, os.arch: &apos;amd64&apos;, os.version: &apos;10.0&apos;, java.version: &apos;1.8.0_221&apos;
Driver info: org.openqa.selenium.edge.EdgeDriver
Capabilities {acceptInsecureCerts: true, browserName: msedge, browserVersion: 88.0.705.81, javascriptEnabled: true, ms:edgeOptions: {debuggerAddress: localhost:49511}, msedge: {msedgedriverVersion: 88.0.705.81 (324d415ccf2f0d..., userDataDir: C:\Users\yuriy\AppData\Loca...}, networkConnectionEnabled: false, pageLoadStrategy: normal, platform: WINDOWS, platformName: WINDOWS, proxy: Proxy(), setWindowRect: true, strictFileInteractability: false, timeouts: {implicit: 0, pageLoad: 300000, script: 30000}, unhandledPromptBehavior: dismiss and notify, webauthn:extension:largeBlob: true, webauthn:virtualAuthenticators: true}
Session ID: cffa6f10a4a5f8fbd39534f9977e383a
*** Element info: {Using=xpath, value=.//div[@class=&apos;bt-content&apos;]}
	at org.openqa.selenium.remote.http.W3CHttpResponseCodec.createException(W3CHttpResponseCodec.java:187)
	at org.openqa.selenium.remote.http.W3CHttpResponseCodec.decode(W3CHttpResponseCodec.java:122)
	at org.openqa.selenium.remote.http.W3CHttpResponseCodec.decode(W3CHttpResponseCodec.java:49)
	at org.openqa.selenium.remote.HttpCommandExecutor.execute(HttpCommandExecutor.java:158)
	at org.openqa.selenium.remote.service.DriverCommandExecutor.execute(DriverCommandExecutor.java:83)
	at org.openqa.selenium.remote.RemoteWebDriver.execute(RemoteWebDriver.java:552)
	at org.openqa.selenium.remote.RemoteWebDriver.findElement(RemoteWebDriver.java:323)
	at org.openqa.selenium.remote.RemoteWebDriver.findElementByXPath(RemoteWebDriver.java:428)
	at org.openqa.selenium.By$ByXPath.findElement(By.java:353)
	at org.openqa.selenium.remote.RemoteWebDriver.findElement(RemoteWebDriver.java:315)
	at com.codeborne.selenide.impl.WebElementSelector.findElement(WebElementSelector.java:65)
	at com.codeborne.selenide.impl.WebElementSelector.findElement(WebElementSelector.java:40)
	at com.codeborne.selenide.impl.ElementFinder.getWebElement(ElementFinder.java:104)
	at com.codeborne.selenide.impl.WebElementSource.checkCondition(WebElementSource.java:72)
	... 41 more
... Removed 34 stack frames</pre></div><a href='#' onClick='toggleBox("stack-trace1292736443", this, "Click to show all stack frames", "Click to hide stack frames")'>Click to show all stack frames</a>
<div class='stack-trace' id='stack-trace1292736443'><pre>Element not found {By.xpath: .//div[@class=&apos;bt-content&apos;]}
Expected: exist
Screenshot: file:/C:/Users/yuriy/IdeaProjects/MobyMaxApplication/build/reports/tests/1614514415303.2.png
Timeout: 10 s.
Caused by: NoSuchElementException: no such element: Unable to locate element: {&quot;method&quot;:&quot;xpath&quot;,&quot;selector&quot;:&quot;.//div[@class=&apos;bt-content&apos;]&quot;}
	at com.codeborne.selenide.impl.WebElementSource.createElementNotFoundError(WebElementSource.java:56)
	at com.codeborne.selenide.impl.ElementFinder.createElementNotFoundError(ElementFinder.java:136)
	at com.codeborne.selenide.impl.WebElementSource.checkCondition(WebElementSource.java:87)
	at com.codeborne.selenide.commands.Should.execute(Should.java:30)
	at com.codeborne.selenide.commands.Should.execute(Should.java:14)
	at com.codeborne.selenide.commands.Commands.execute(Commands.java:153)
	at com.codeborne.selenide.impl.SelenideElementProxy.dispatchAndRetry(SelenideElementProxy.java:112)
	at com.codeborne.selenide.impl.SelenideElementProxy.invoke(SelenideElementProxy.java:68)
	at com.sun.proxy.$Proxy44.shouldBe(Unknown Source)
	at app.pageobject.BasePageObject.checkError(BasePageObject.java:94)
	at app.tests.teacher.TeacherScenario.failedRegister(TeacherScenario.java:120)
	at app.tests.teacher.RegisterTests.test12teacherRegister(RegisterTests.java:196)
	at sun.reflect.NativeMethodAccessorImpl.invoke0(Native Method)
	at sun.reflect.NativeMethodAccessorImpl.invoke(NativeMethodAccessorImpl.java:62)
	at sun.reflect.DelegatingMethodAccessorImpl.invoke(DelegatingMethodAccessorImpl.java:43)
	at java.lang.reflect.Method.invoke(Method.java:498)
	at org.testng.internal.MethodInvocationHelper.invokeMethod(MethodInvocationHelper.java:134)
	at org.testng.internal.TestInvoker.invokeMethod(TestInvoker.java:597)
	at org.testng.internal.TestInvoker.invokeTestMethod(TestInvoker.java:173)
	at org.testng.internal.MethodRunner.runInSequence(MethodRunner.java:46)
	at org.testng.internal.TestInvoker$MethodInvocationAgent.invoke(TestInvoker.java:816)
	at org.testng.internal.TestInvoker.invokeTestMethods(TestInvoker.java:146)
	at org.testng.internal.TestMethodWorker.invokeTestMethods(TestMethodWorker.java:146)
	at org.testng.internal.TestMethodWorker.run(TestMethodWorker.java:128)
	at java.util.ArrayList.forEach(ArrayList.java:1257)
	at org.testng.TestRunner.privateRun(TestRunner.java:766)
	at org.testng.TestRunner.run(TestRunner.java:587)
	at org.testng.SuiteRunner.runTest(SuiteRunner.java:384)
	at org.testng.SuiteRunner.runSequentially(SuiteRunner.java:378)
	at org.testng.SuiteRunner.privateRun(SuiteRunner.java:337)
	at org.testng.SuiteRunner.run(SuiteRunner.java:286)
	at org.testng.SuiteRunnerWorker.runSuite(SuiteRunnerWorker.java:53)
	at org.testng.SuiteRunnerWorker.run(SuiteRunnerWorker.java:96)
	at org.testng.TestNG.runSuitesSequentially(TestNG.java:1187)
	at org.testng.TestNG.runSuitesLocally(TestNG.java:1109)
	at org.testng.TestNG.runSuites(TestNG.java:1039)
	at org.testng.TestNG.run(TestNG.java:1007)
	at org.apache.maven.surefire.testng.TestNGExecutor.run(TestNGExecutor.java:283)
	at org.apache.maven.surefire.testng.TestNGXmlTestSuite.execute(TestNGXmlTestSuite.java:75)
	at org.apache.maven.surefire.testng.TestNGProvider.invoke(TestNGProvider.java:120)
	at org.apache.maven.surefire.booter.ForkedBooter.invokeProviderInSameClassLoader(ForkedBooter.java:384)
	at org.apache.maven.surefire.booter.ForkedBooter.runSuitesInProcess(ForkedBooter.java:345)
	at org.apache.maven.surefire.booter.ForkedBooter.execute(ForkedBooter.java:126)
	at org.apache.maven.surefire.booter.ForkedBooter.main(ForkedBooter.java:418)
Caused by: org.openqa.selenium.NoSuchElementException: no such element: Unable to locate element: {&quot;method&quot;:&quot;xpath&quot;,&quot;selector&quot;:&quot;.//div[@class=&apos;bt-content&apos;]&quot;}
  (Session info: MicrosoftEdge=88.0.705.81)
For documentation on this error, please visit: https://www.seleniumhq.org/exceptions/no_such_element.html
Build info: version: &apos;3.141.59&apos;, revision: &apos;e82be7d358&apos;, time: &apos;2018-11-14T08:17:03&apos;
System info: host: &apos;DESKTOP-VMP5GT0&apos;, ip: &apos;192.168.1.53&apos;, os.name: &apos;Windows 10&apos;, os.arch: &apos;amd64&apos;, os.version: &apos;10.0&apos;, java.version: &apos;1.8.0_221&apos;
Driver info: org.openqa.selenium.edge.EdgeDriver
Capabilities {acceptInsecureCerts: true, browserName: msedge, browserVersion: 88.0.705.81, javascriptEnabled: true, ms:edgeOptions: {debuggerAddress: localhost:49511}, msedge: {msedgedriverVersion: 88.0.705.81 (324d415ccf2f0d..., userDataDir: C:\Users\yuriy\AppData\Loca...}, networkConnectionEnabled: false, pageLoadStrategy: normal, platform: WINDOWS, platformName: WINDOWS, proxy: Proxy(), setWindowRect: true, strictFileInteractability: false, timeouts: {implicit: 0, pageLoad: 300000, script: 30000}, unhandledPromptBehavior: dismiss and notify, webauthn:extension:largeBlob: true, webauthn:virtualAuthenticators: true}
Session ID: cffa6f10a4a5f8fbd39534f9977e383a
*** Element info: {Using=xpath, value=.//div[@class=&apos;bt-content&apos;]}
	at sun.reflect.GeneratedConstructorAccessor26.newInstance(Unknown Source)
	at sun.reflect.DelegatingConstructorAccessorImpl.newInstance(DelegatingConstructorAccessorImpl.java:45)
	at java.lang.reflect.Constructor.newInstance(Constructor.java:423)
	at org.openqa.selenium.remote.http.W3CHttpResponseCodec.createException(W3CHttpResponseCodec.java:187)
	at org.openqa.selenium.remote.http.W3CHttpResponseCodec.decode(W3CHttpResponseCodec.java:122)
	at org.openqa.selenium.remote.http.W3CHttpResponseCodec.decode(W3CHttpResponseCodec.java:49)
	at org.openqa.selenium.remote.HttpCommandExecutor.execute(HttpCommandExecutor.java:158)
	at org.openqa.selenium.remote.service.DriverCommandExecutor.execute(DriverCommandExecutor.java:83)
	at org.openqa.selenium.remote.RemoteWebDriver.execute(RemoteWebDriver.java:552)
	at org.openqa.selenium.remote.RemoteWebDriver.findElement(RemoteWebDriver.java:323)
	at org.openqa.selenium.remote.RemoteWebDriver.findElementByXPath(RemoteWebDriver.java:428)
	at org.openqa.selenium.By$ByXPath.findElement(By.java:353)
	at org.openqa.selenium.remote.RemoteWebDriver.findElement(RemoteWebDriver.java:315)
	at com.codeborne.selenide.impl.WebElementSelector.findElement(WebElementSelector.java:65)
	at com.codeborne.selenide.impl.WebElementSelector.findElement(WebElementSelector.java:40)
	at com.codeborne.selenide.impl.ElementFinder.getWebElement(ElementFinder.java:104)
	at com.codeborne.selenide.impl.WebElementSource.checkCondition(WebElementSource.java:72)
	... 41 more
</pre></div></td>
<td>32</td>
<td>app.tests.teacher.RegisterTests@767f6ee7</td></tr>
</table><p>
<table width='100%' border='1' class='invocation-passed'>
<tr><td colspan='4' align='center'><b>PASSED TESTS</b></td></tr>
<tr><td><b>Test method</b></td>
<td width="30%"><b>Exception</b></td>
<td width="10%"><b>Time (seconds)</b></td>
<td><b>Instance</b></td>
</tr>
<tr>
<td title='app.tests.teacher.StudentRegisterTests.test01registerStudent()'><b>test01registerStudent</b><br>Test class: app.tests.teacher.StudentRegisterTests<br>Test method: Test 01. Teacher register Student.</td>
<td></td>
<td>99</td>
<td>app.tests.teacher.StudentRegisterTests@f324455</td></tr>
<tr>
<td title='app.tests.teacher.LoginTests.test01teacherLogin()'><b>test01teacherLogin</b><br>Test class: app.tests.teacher.LoginTests<br>Test method: Test 01. Login as a Teacher .</td>
<td></td>
<td>21</td>
<td>app.tests.teacher.LoginTests@7b6c6e70</td></tr>
<tr>
<td title='app.tests.teacher.RegisterTests.test01teacherRegister()'><b>test01teacherRegister</b><br>Test class: app.tests.teacher.RegisterTests<br>Test method: Test 01.Register new Teacher .</td>
<td></td>
<td>35</td>
<td>app.tests.teacher.RegisterTests@767f6ee7</td></tr>
<tr>
<td title='app.tests.teacher.StudentRegisterTests.test02registerStudentGroup()'><b>test02registerStudentGroup</b><br>Test class: app.tests.teacher.StudentRegisterTests<br>Test method: Test 02. Teacher register group of students.</td>
<td></td>
<td>686</td>
<td>app.tests.teacher.StudentRegisterTests@f324455</td></tr>
<tr>
<td title='app.tests.teacher.LoginTests.test02teacherLogin()'><b>test02teacherLogin</b><br>Test class: app.tests.teacher.LoginTests<br>Test method: Test 02. Not possible to Login with empty fields.</td>
<td></td>
<td>11</td>
<td>app.tests.teacher.LoginTests@7b6c6e70</td></tr>
<tr>
<td title='app.tests.teacher.RegisterTests.test02teacherRegister()'><b>test02teacherRegister</b><br>Test class: app.tests.teacher.RegisterTests<br>Test method: Test 02. Register new Teacher with empty form fields.</td>
<td></td>
<td>29</td>
<td>app.tests.teacher.RegisterTests@767f6ee7</td></tr>
<tr>
<td title='app.tests.teacher.LoginTests.test03teacherLogin()'><b>test03teacherLogin</b><br>Test class: app.tests.teacher.LoginTests<br>Test method: Test 03. Not possible to Login with empty field School email.</td>
<td></td>
<td>11</td>
<td>app.tests.teacher.LoginTests@7b6c6e70</td></tr>
<tr>
<td title='app.tests.teacher.RegisterTests.test03teacherRegister()'><b>test03teacherRegister</b><br>Test class: app.tests.teacher.RegisterTests<br>Test method: Test 03. Register new Teacher with empty field First Name.</td>
<td></td>
<td>24</td>
<td>app.tests.teacher.RegisterTests@767f6ee7</td></tr>
<tr>
<td title='app.tests.teacher.LoginTests.test04teacherLogin()'><b>test04teacherLogin</b><br>Test class: app.tests.teacher.LoginTests<br>Test method: Test 04. Not possible to Login with empty field Password.</td>
<td></td>
<td>12</td>
<td>app.tests.teacher.LoginTests@7b6c6e70</td></tr>
<tr>
<td title='app.tests.teacher.RegisterTests.test04teacherRegister()'><b>test04teacherRegister</b><br>Test class: app.tests.teacher.RegisterTests<br>Test method: Test 04. Register new Teacher with empty field Last Name.</td>
<td></td>
<td>22</td>
<td>app.tests.teacher.RegisterTests@767f6ee7</td></tr>
<tr>
<td title='app.tests.teacher.LoginTests.test05teacherLogin()'><b>test05teacherLogin</b><br>Test class: app.tests.teacher.LoginTests<br>Test method: Test 05. Login with  wrong field School email.</td>
<td></td>
<td>11</td>
<td>app.tests.teacher.LoginTests@7b6c6e70</td></tr>
<tr>
<td title='app.tests.teacher.RegisterTests.test05teacherRegister()'><b>test05teacherRegister</b><br>Test class: app.tests.teacher.RegisterTests<br>Test method: Test 05. Register new Teacher with empty field School/Organization.</td>
<td></td>
<td>16</td>
<td>app.tests.teacher.RegisterTests@767f6ee7</td></tr>
<tr>
<td title='app.tests.teacher.LoginTests.test06teacherLogin()'><b>test06teacherLogin</b><br>Test class: app.tests.teacher.LoginTests<br>Test method: Test 06. Not possible to Login with empty field Password.</td>
<td></td>
<td>11</td>
<td>app.tests.teacher.LoginTests@7b6c6e70</td></tr>
<tr>
<td title='app.tests.teacher.RegisterTests.test06teacherRegister()'><b>test06teacherRegister</b><br>Test class: app.tests.teacher.RegisterTests<br>Test method: Test 06. Register new Teacher with empty field Email Address.</td>
<td></td>
<td>25</td>
<td>app.tests.teacher.RegisterTests@767f6ee7</td></tr>
<tr>
<td title='app.tests.teacher.RegisterTests.test07teacherRegister()'><b>test07teacherRegister</b><br>Test class: app.tests.teacher.RegisterTests<br>Test method: Test 07. Register new Teacher with empty field Password.</td>
<td></td>
<td>25</td>
<td>app.tests.teacher.RegisterTests@767f6ee7</td></tr>
<tr>
<td title='app.tests.teacher.RegisterTests.test08teacherRegister()'><b>test08teacherRegister</b><br>Test class: app.tests.teacher.RegisterTests<br>Test method: Test 08. Register new Teacher with wrong field School/Organization.</td>
<td></td>
<td>16</td>
<td>app.tests.teacher.RegisterTests@767f6ee7</td></tr>
<tr>
<td title='app.tests.teacher.RegisterTests.test09teacherRegister()'><b>test09teacherRegister</b><br>Test class: app.tests.teacher.RegisterTests<br>Test method: Test 09. Register new Teacher with wrong field Email Address.</td>
<td></td>
<td>21</td>
<td>app.tests.teacher.RegisterTests@767f6ee7</td></tr>
<tr>
<td title='app.tests.teacher.RegisterTests.test13teacherRegister()'><b>test13teacherRegister</b><br>Test class: app.tests.teacher.RegisterTests<br>Test method: Test 13. Register new Teacher for busy email.</td>
<td></td>
<td>17</td>
<td>app.tests.teacher.RegisterTests@767f6ee7</td></tr>
</table><p>
</body>
</html>